<<<<<<< Updated upstream
INFO 2016-06-11 15:25:04,042 tasks 14907 140735228776448 /Users/tao-xu/Downloads/code/new_ball/applications/ball/tasks.py 33 check_money user:7 win
INFO 2016-06-11 15:25:04,051 tasks 14907 140735228776448 /Users/tao-xu/Downloads/code/new_ball/applications/ball/tasks.py 37 check_money now is 0.0
INFO 2016-06-11 15:25:04,067 tasks 14907 140735228776448 /Users/tao-xu/Downloads/code/new_ball/applications/ball/tasks.py 33 check_money user:15 win
INFO 2016-06-11 15:25:04,067 tasks 14907 140735228776448 /Users/tao-xu/Downloads/code/new_ball/applications/ball/tasks.py 37 check_money now is 0.0
INFO 2016-06-11 15:25:04,073 tasks 14907 140735228776448 /Users/tao-xu/Downloads/code/new_ball/applications/ball/tasks.py 33 check_money user:6 win
INFO 2016-06-11 15:25:04,073 tasks 14907 140735228776448 /Users/tao-xu/Downloads/code/new_ball/applications/ball/tasks.py 37 check_money now is 0.0
INFO 2016-06-11 15:25:04,086 tasks 14907 140735228776448 /Users/tao-xu/Downloads/code/new_ball/applications/ball/tasks.py 33 check_money user:10 win
INFO 2016-06-11 15:25:04,088 tasks 14907 140735228776448 /Users/tao-xu/Downloads/code/new_ball/applications/ball/tasks.py 37 check_money now is 0.0
INFO 2016-06-11 15:25:04,102 tasks 14907 140735228776448 /Users/tao-xu/Downloads/code/new_ball/applications/ball/tasks.py 33 check_money user:10 win
INFO 2016-06-11 15:25:04,102 tasks 14907 140735228776448 /Users/tao-xu/Downloads/code/new_ball/applications/ball/tasks.py 37 check_money now is 0.0
INFO 2016-06-11 15:25:04,110 tasks 14907 140735228776448 /Users/tao-xu/Downloads/code/new_ball/applications/ball/tasks.py 33 check_money user:11 win
INFO 2016-06-11 15:25:04,111 tasks 14907 140735228776448 /Users/tao-xu/Downloads/code/new_ball/applications/ball/tasks.py 37 check_money now is 0.0
INFO 2016-06-11 15:25:04,127 tasks 14907 140735228776448 /Users/tao-xu/Downloads/code/new_ball/applications/ball/tasks.py 33 check_money user:4 win
INFO 2016-06-11 15:25:04,128 tasks 14907 140735228776448 /Users/tao-xu/Downloads/code/new_ball/applications/ball/tasks.py 37 check_money now is 0.0
INFO 2016-06-11 15:25:04,135 tasks 14907 140735228776448 /Users/tao-xu/Downloads/code/new_ball/applications/ball/tasks.py 33 check_money user:4 win
INFO 2016-06-11 15:25:04,135 tasks 14907 140735228776448 /Users/tao-xu/Downloads/code/new_ball/applications/ball/tasks.py 37 check_money now is 0.0
INFO 2016-06-11 15:25:04,145 tasks 14907 140735228776448 /Users/tao-xu/Downloads/code/new_ball/applications/ball/tasks.py 33 check_money user:14 win
INFO 2016-06-11 15:25:04,145 tasks 14907 140735228776448 /Users/tao-xu/Downloads/code/new_ball/applications/ball/tasks.py 37 check_money now is 0.0
INFO 2016-06-11 15:25:04,161 tasks 14907 140735228776448 /Users/tao-xu/Downloads/code/new_ball/applications/ball/tasks.py 33 check_money user:14 win
INFO 2016-06-11 15:25:04,162 tasks 14907 140735228776448 /Users/tao-xu/Downloads/code/new_ball/applications/ball/tasks.py 37 check_money now is 0.0
INFO 2016-06-11 15:25:04,169 tasks 14907 140735228776448 /Users/tao-xu/Downloads/code/new_ball/applications/ball/tasks.py 33 check_money user:14 win
INFO 2016-06-11 15:25:04,169 tasks 14907 140735228776448 /Users/tao-xu/Downloads/code/new_ball/applications/ball/tasks.py 37 check_money now is 0.0
INFO 2016-06-11 15:25:04,178 tasks 14907 140735228776448 /Users/tao-xu/Downloads/code/new_ball/applications/ball/tasks.py 33 check_money user:18 win
INFO 2016-06-11 15:25:04,178 tasks 14907 140735228776448 /Users/tao-xu/Downloads/code/new_ball/applications/ball/tasks.py 37 check_money now is 0.0
INFO 2016-06-11 15:25:04,194 tasks 14907 140735228776448 /Users/tao-xu/Downloads/code/new_ball/applications/ball/tasks.py 50 check_money last money is 0.0
INFO 2016-06-11 15:27:04,099 tasks 15543 140735228776448 /Users/tao-xu/Downloads/code/new_ball/applications/ball/tasks.py 33 check_money user:7 win
INFO 2016-06-11 15:27:04,100 tasks 15543 140735228776448 /Users/tao-xu/Downloads/code/new_ball/applications/ball/tasks.py 37 check_money now is 0.0
INFO 2016-06-11 15:27:04,106 tasks 15543 140735228776448 /Users/tao-xu/Downloads/code/new_ball/applications/ball/tasks.py 33 check_money user:15 win
INFO 2016-06-11 15:27:04,107 tasks 15543 140735228776448 /Users/tao-xu/Downloads/code/new_ball/applications/ball/tasks.py 37 check_money now is 0.0
INFO 2016-06-11 15:27:04,115 tasks 15543 140735228776448 /Users/tao-xu/Downloads/code/new_ball/applications/ball/tasks.py 33 check_money user:6 win
INFO 2016-06-11 15:27:04,115 tasks 15543 140735228776448 /Users/tao-xu/Downloads/code/new_ball/applications/ball/tasks.py 37 check_money now is 0.0
INFO 2016-06-11 15:27:04,121 tasks 15543 140735228776448 /Users/tao-xu/Downloads/code/new_ball/applications/ball/tasks.py 33 check_money user:10 win
INFO 2016-06-11 15:27:04,122 tasks 15543 140735228776448 /Users/tao-xu/Downloads/code/new_ball/applications/ball/tasks.py 37 check_money now is 0.0
INFO 2016-06-11 15:27:04,132 tasks 15543 140735228776448 /Users/tao-xu/Downloads/code/new_ball/applications/ball/tasks.py 33 check_money user:10 win
INFO 2016-06-11 15:27:04,133 tasks 15543 140735228776448 /Users/tao-xu/Downloads/code/new_ball/applications/ball/tasks.py 37 check_money now is 0.0
INFO 2016-06-11 15:27:04,139 tasks 15543 140735228776448 /Users/tao-xu/Downloads/code/new_ball/applications/ball/tasks.py 33 check_money user:11 win
INFO 2016-06-11 15:27:04,139 tasks 15543 140735228776448 /Users/tao-xu/Downloads/code/new_ball/applications/ball/tasks.py 37 check_money now is 0.0
INFO 2016-06-11 15:27:04,148 tasks 15543 140735228776448 /Users/tao-xu/Downloads/code/new_ball/applications/ball/tasks.py 33 check_money user:4 win
INFO 2016-06-11 15:27:04,148 tasks 15543 140735228776448 /Users/tao-xu/Downloads/code/new_ball/applications/ball/tasks.py 37 check_money now is 0.0
INFO 2016-06-11 15:27:04,154 tasks 15543 140735228776448 /Users/tao-xu/Downloads/code/new_ball/applications/ball/tasks.py 33 check_money user:4 win
INFO 2016-06-11 15:27:04,154 tasks 15543 140735228776448 /Users/tao-xu/Downloads/code/new_ball/applications/ball/tasks.py 37 check_money now is 0.0
INFO 2016-06-11 15:27:04,159 tasks 15543 140735228776448 /Users/tao-xu/Downloads/code/new_ball/applications/ball/tasks.py 33 check_money user:14 win
INFO 2016-06-11 15:27:04,160 tasks 15543 140735228776448 /Users/tao-xu/Downloads/code/new_ball/applications/ball/tasks.py 37 check_money now is 0.0
INFO 2016-06-11 15:27:04,178 tasks 15543 140735228776448 /Users/tao-xu/Downloads/code/new_ball/applications/ball/tasks.py 33 check_money user:14 win
INFO 2016-06-11 15:27:04,178 tasks 15543 140735228776448 /Users/tao-xu/Downloads/code/new_ball/applications/ball/tasks.py 37 check_money now is 0.0
INFO 2016-06-11 15:27:04,184 tasks 15543 140735228776448 /Users/tao-xu/Downloads/code/new_ball/applications/ball/tasks.py 33 check_money user:14 win
INFO 2016-06-11 15:27:04,184 tasks 15543 140735228776448 /Users/tao-xu/Downloads/code/new_ball/applications/ball/tasks.py 37 check_money now is 0.0
INFO 2016-06-11 15:27:04,193 tasks 15543 140735228776448 /Users/tao-xu/Downloads/code/new_ball/applications/ball/tasks.py 33 check_money user:18 win
INFO 2016-06-11 15:27:04,193 tasks 15543 140735228776448 /Users/tao-xu/Downloads/code/new_ball/applications/ball/tasks.py 37 check_money now is 0.0
INFO 2016-06-11 15:27:04,215 tasks 15543 140735228776448 /Users/tao-xu/Downloads/code/new_ball/applications/ball/tasks.py 50 check_money last money is 0.0
INFO 2016-06-11 15:29:04,067 tasks 15543 140735228776448 /Users/tao-xu/Downloads/code/new_ball/applications/ball/tasks.py 33 check_money user:7 win
INFO 2016-06-11 15:29:04,069 tasks 15543 140735228776448 /Users/tao-xu/Downloads/code/new_ball/applications/ball/tasks.py 37 check_money now is 0.0
INFO 2016-06-11 15:29:04,075 tasks 15543 140735228776448 /Users/tao-xu/Downloads/code/new_ball/applications/ball/tasks.py 33 check_money user:15 win
INFO 2016-06-11 15:29:04,076 tasks 15543 140735228776448 /Users/tao-xu/Downloads/code/new_ball/applications/ball/tasks.py 37 check_money now is 0.0
INFO 2016-06-11 15:29:04,084 tasks 15543 140735228776448 /Users/tao-xu/Downloads/code/new_ball/applications/ball/tasks.py 33 check_money user:6 win
INFO 2016-06-11 15:29:04,084 tasks 15543 140735228776448 /Users/tao-xu/Downloads/code/new_ball/applications/ball/tasks.py 37 check_money now is 0.0
INFO 2016-06-11 15:29:04,091 tasks 15543 140735228776448 /Users/tao-xu/Downloads/code/new_ball/applications/ball/tasks.py 33 check_money user:10 win
INFO 2016-06-11 15:29:04,091 tasks 15543 140735228776448 /Users/tao-xu/Downloads/code/new_ball/applications/ball/tasks.py 37 check_money now is 0.0
INFO 2016-06-11 15:29:04,097 tasks 15543 140735228776448 /Users/tao-xu/Downloads/code/new_ball/applications/ball/tasks.py 33 check_money user:10 win
INFO 2016-06-11 15:29:04,097 tasks 15543 140735228776448 /Users/tao-xu/Downloads/code/new_ball/applications/ball/tasks.py 37 check_money now is 0.0
INFO 2016-06-11 15:29:04,106 tasks 15543 140735228776448 /Users/tao-xu/Downloads/code/new_ball/applications/ball/tasks.py 33 check_money user:11 win
INFO 2016-06-11 15:29:04,106 tasks 15543 140735228776448 /Users/tao-xu/Downloads/code/new_ball/applications/ball/tasks.py 37 check_money now is 0.0
INFO 2016-06-11 15:29:04,122 tasks 15543 140735228776448 /Users/tao-xu/Downloads/code/new_ball/applications/ball/tasks.py 33 check_money user:4 win
INFO 2016-06-11 15:29:04,123 tasks 15543 140735228776448 /Users/tao-xu/Downloads/code/new_ball/applications/ball/tasks.py 37 check_money now is 0.0
INFO 2016-06-11 15:29:04,141 tasks 15543 140735228776448 /Users/tao-xu/Downloads/code/new_ball/applications/ball/tasks.py 33 check_money user:4 win
INFO 2016-06-11 15:29:04,141 tasks 15543 140735228776448 /Users/tao-xu/Downloads/code/new_ball/applications/ball/tasks.py 37 check_money now is 0.0
INFO 2016-06-11 15:29:04,151 tasks 15543 140735228776448 /Users/tao-xu/Downloads/code/new_ball/applications/ball/tasks.py 33 check_money user:14 win
INFO 2016-06-11 15:29:04,151 tasks 15543 140735228776448 /Users/tao-xu/Downloads/code/new_ball/applications/ball/tasks.py 37 check_money now is 0.0
INFO 2016-06-11 15:29:04,162 tasks 15543 140735228776448 /Users/tao-xu/Downloads/code/new_ball/applications/ball/tasks.py 33 check_money user:14 win
INFO 2016-06-11 15:29:04,164 tasks 15543 140735228776448 /Users/tao-xu/Downloads/code/new_ball/applications/ball/tasks.py 37 check_money now is 0.0
INFO 2016-06-11 15:29:04,175 tasks 15543 140735228776448 /Users/tao-xu/Downloads/code/new_ball/applications/ball/tasks.py 33 check_money user:14 win
INFO 2016-06-11 15:29:04,175 tasks 15543 140735228776448 /Users/tao-xu/Downloads/code/new_ball/applications/ball/tasks.py 37 check_money now is 0.0
INFO 2016-06-11 15:29:04,184 tasks 15543 140735228776448 /Users/tao-xu/Downloads/code/new_ball/applications/ball/tasks.py 33 check_money user:18 win
INFO 2016-06-11 15:29:04,185 tasks 15543 140735228776448 /Users/tao-xu/Downloads/code/new_ball/applications/ball/tasks.py 37 check_money now is 0.0
INFO 2016-06-11 15:29:04,197 tasks 15543 140735228776448 /Users/tao-xu/Downloads/code/new_ball/applications/ball/tasks.py 50 check_money last money is 0.0
INFO 2016-06-11 15:31:04,121 tasks 15876 140735228776448 /Users/tao-xu/Downloads/code/new_ball/applications/ball/tasks.py 33 check_money user:7 win
INFO 2016-06-11 15:31:04,122 tasks 15876 140735228776448 /Users/tao-xu/Downloads/code/new_ball/applications/ball/tasks.py 37 check_money now is 0.0
INFO 2016-06-11 15:31:04,129 tasks 15876 140735228776448 /Users/tao-xu/Downloads/code/new_ball/applications/ball/tasks.py 33 check_money user:15 win
INFO 2016-06-11 15:31:04,129 tasks 15876 140735228776448 /Users/tao-xu/Downloads/code/new_ball/applications/ball/tasks.py 37 check_money now is 0.0
INFO 2016-06-11 15:31:04,136 tasks 15876 140735228776448 /Users/tao-xu/Downloads/code/new_ball/applications/ball/tasks.py 33 check_money user:6 win
INFO 2016-06-11 15:31:04,137 tasks 15876 140735228776448 /Users/tao-xu/Downloads/code/new_ball/applications/ball/tasks.py 37 check_money now is 0.0
INFO 2016-06-11 15:31:04,144 tasks 15876 140735228776448 /Users/tao-xu/Downloads/code/new_ball/applications/ball/tasks.py 33 check_money user:10 win
INFO 2016-06-11 15:31:04,145 tasks 15876 140735228776448 /Users/tao-xu/Downloads/code/new_ball/applications/ball/tasks.py 37 check_money now is 0.0
INFO 2016-06-11 15:31:04,152 tasks 15876 140735228776448 /Users/tao-xu/Downloads/code/new_ball/applications/ball/tasks.py 33 check_money user:10 win
INFO 2016-06-11 15:31:04,153 tasks 15876 140735228776448 /Users/tao-xu/Downloads/code/new_ball/applications/ball/tasks.py 37 check_money now is 0.0
INFO 2016-06-11 15:31:04,162 tasks 15876 140735228776448 /Users/tao-xu/Downloads/code/new_ball/applications/ball/tasks.py 33 check_money user:11 win
INFO 2016-06-11 15:31:04,162 tasks 15876 140735228776448 /Users/tao-xu/Downloads/code/new_ball/applications/ball/tasks.py 37 check_money now is 0.0
INFO 2016-06-11 15:31:04,169 tasks 15876 140735228776448 /Users/tao-xu/Downloads/code/new_ball/applications/ball/tasks.py 33 check_money user:4 win
INFO 2016-06-11 15:31:04,169 tasks 15876 140735228776448 /Users/tao-xu/Downloads/code/new_ball/applications/ball/tasks.py 37 check_money now is 0.0
INFO 2016-06-11 15:31:04,188 tasks 15876 140735228776448 /Users/tao-xu/Downloads/code/new_ball/applications/ball/tasks.py 33 check_money user:4 win
INFO 2016-06-11 15:31:04,189 tasks 15876 140735228776448 /Users/tao-xu/Downloads/code/new_ball/applications/ball/tasks.py 37 check_money now is 0.0
INFO 2016-06-11 15:31:04,198 tasks 15876 140735228776448 /Users/tao-xu/Downloads/code/new_ball/applications/ball/tasks.py 33 check_money user:14 win
INFO 2016-06-11 15:31:04,198 tasks 15876 140735228776448 /Users/tao-xu/Downloads/code/new_ball/applications/ball/tasks.py 37 check_money now is 0.0
INFO 2016-06-11 15:31:04,206 tasks 15876 140735228776448 /Users/tao-xu/Downloads/code/new_ball/applications/ball/tasks.py 33 check_money user:14 win
INFO 2016-06-11 15:31:04,208 tasks 15876 140735228776448 /Users/tao-xu/Downloads/code/new_ball/applications/ball/tasks.py 37 check_money now is 0.0
INFO 2016-06-11 15:31:04,224 tasks 15876 140735228776448 /Users/tao-xu/Downloads/code/new_ball/applications/ball/tasks.py 33 check_money user:14 win
INFO 2016-06-11 15:31:04,224 tasks 15876 140735228776448 /Users/tao-xu/Downloads/code/new_ball/applications/ball/tasks.py 37 check_money now is 0.0
INFO 2016-06-11 15:31:04,236 tasks 15876 140735228776448 /Users/tao-xu/Downloads/code/new_ball/applications/ball/tasks.py 33 check_money user:18 win
INFO 2016-06-11 15:31:04,237 tasks 15876 140735228776448 /Users/tao-xu/Downloads/code/new_ball/applications/ball/tasks.py 37 check_money now is 0.0
INFO 2016-06-11 15:31:04,256 tasks 15876 140735228776448 /Users/tao-xu/Downloads/code/new_ball/applications/ball/tasks.py 51 check_money last money is 0.0
INFO 2016-06-11 15:32:24,148 tasks 16038 140735228776448 /Users/tao-xu/Downloads/code/new_ball/applications/ball/tasks.py 33 check_money user:7 win
INFO 2016-06-11 15:32:24,149 tasks 16038 140735228776448 /Users/tao-xu/Downloads/code/new_ball/applications/ball/tasks.py 37 check_money now is 0.0
INFO 2016-06-11 15:32:24,156 tasks 16038 140735228776448 /Users/tao-xu/Downloads/code/new_ball/applications/ball/tasks.py 33 check_money user:15 win
INFO 2016-06-11 15:32:24,157 tasks 16038 140735228776448 /Users/tao-xu/Downloads/code/new_ball/applications/ball/tasks.py 37 check_money now is 0.0
INFO 2016-06-11 15:32:24,164 tasks 16038 140735228776448 /Users/tao-xu/Downloads/code/new_ball/applications/ball/tasks.py 33 check_money user:6 win
INFO 2016-06-11 15:32:24,165 tasks 16038 140735228776448 /Users/tao-xu/Downloads/code/new_ball/applications/ball/tasks.py 37 check_money now is 0.0
INFO 2016-06-11 15:32:24,173 tasks 16038 140735228776448 /Users/tao-xu/Downloads/code/new_ball/applications/ball/tasks.py 33 check_money user:10 win
INFO 2016-06-11 15:32:24,174 tasks 16038 140735228776448 /Users/tao-xu/Downloads/code/new_ball/applications/ball/tasks.py 37 check_money now is 0.0
INFO 2016-06-11 15:32:24,180 tasks 16038 140735228776448 /Users/tao-xu/Downloads/code/new_ball/applications/ball/tasks.py 33 check_money user:10 win
INFO 2016-06-11 15:32:24,181 tasks 16038 140735228776448 /Users/tao-xu/Downloads/code/new_ball/applications/ball/tasks.py 37 check_money now is 0.0
INFO 2016-06-11 15:32:24,189 tasks 16038 140735228776448 /Users/tao-xu/Downloads/code/new_ball/applications/ball/tasks.py 33 check_money user:11 win
INFO 2016-06-11 15:32:24,190 tasks 16038 140735228776448 /Users/tao-xu/Downloads/code/new_ball/applications/ball/tasks.py 37 check_money now is 0.0
INFO 2016-06-11 15:32:24,199 tasks 16038 140735228776448 /Users/tao-xu/Downloads/code/new_ball/applications/ball/tasks.py 33 check_money user:4 win
INFO 2016-06-11 15:32:24,200 tasks 16038 140735228776448 /Users/tao-xu/Downloads/code/new_ball/applications/ball/tasks.py 37 check_money now is 0.0
INFO 2016-06-11 15:32:24,218 tasks 16038 140735228776448 /Users/tao-xu/Downloads/code/new_ball/applications/ball/tasks.py 33 check_money user:4 win
INFO 2016-06-11 15:32:24,219 tasks 16038 140735228776448 /Users/tao-xu/Downloads/code/new_ball/applications/ball/tasks.py 37 check_money now is 0.0
INFO 2016-06-11 15:32:24,230 tasks 16038 140735228776448 /Users/tao-xu/Downloads/code/new_ball/applications/ball/tasks.py 33 check_money user:14 win
INFO 2016-06-11 15:32:24,232 tasks 16038 140735228776448 /Users/tao-xu/Downloads/code/new_ball/applications/ball/tasks.py 37 check_money now is 0.0
INFO 2016-06-11 15:32:24,249 tasks 16038 140735228776448 /Users/tao-xu/Downloads/code/new_ball/applications/ball/tasks.py 33 check_money user:14 win
INFO 2016-06-11 15:32:24,250 tasks 16038 140735228776448 /Users/tao-xu/Downloads/code/new_ball/applications/ball/tasks.py 37 check_money now is 0.0
INFO 2016-06-11 15:32:24,259 tasks 16038 140735228776448 /Users/tao-xu/Downloads/code/new_ball/applications/ball/tasks.py 33 check_money user:14 win
INFO 2016-06-11 15:32:24,260 tasks 16038 140735228776448 /Users/tao-xu/Downloads/code/new_ball/applications/ball/tasks.py 37 check_money now is 0.0
INFO 2016-06-11 15:32:24,275 tasks 16038 140735228776448 /Users/tao-xu/Downloads/code/new_ball/applications/ball/tasks.py 33 check_money user:18 win
INFO 2016-06-11 15:32:24,279 tasks 16038 140735228776448 /Users/tao-xu/Downloads/code/new_ball/applications/ball/tasks.py 37 check_money now is 0.0
INFO 2016-06-11 15:32:24,289 tasks 16038 140735228776448 /Users/tao-xu/Downloads/code/new_ball/applications/ball/tasks.py 50 check_money last money is 0.0
INFO 2016-06-11 15:35:16,862 tasks 16362 140735228776448 /Users/tao-xu/Downloads/code/new_ball/applications/ball/tasks.py 33 check_money user:7 win
INFO 2016-06-11 15:35:16,863 tasks 16361 140735228776448 /Users/tao-xu/Downloads/code/new_ball/applications/ball/tasks.py 33 check_money user:7 win
INFO 2016-06-11 15:35:16,864 tasks 16362 140735228776448 /Users/tao-xu/Downloads/code/new_ball/applications/ball/tasks.py 37 check_money now is -0.91
INFO 2016-06-11 15:35:16,865 tasks 16361 140735228776448 /Users/tao-xu/Downloads/code/new_ball/applications/ball/tasks.py 37 check_money now is -0.91
INFO 2016-06-11 15:35:16,874 tasks 16361 140735228776448 /Users/tao-xu/Downloads/code/new_ball/applications/ball/tasks.py 33 check_money user:15 win
INFO 2016-06-11 15:35:16,874 tasks 16362 140735228776448 /Users/tao-xu/Downloads/code/new_ball/applications/ball/tasks.py 33 check_money user:15 win
INFO 2016-06-11 15:35:16,876 tasks 16361 140735228776448 /Users/tao-xu/Downloads/code/new_ball/applications/ball/tasks.py 37 check_money now is -0.182
INFO 2016-06-11 15:35:16,876 tasks 16362 140735228776448 /Users/tao-xu/Downloads/code/new_ball/applications/ball/tasks.py 37 check_money now is -0.182
INFO 2016-06-11 15:35:16,896 tasks 16361 140735228776448 /Users/tao-xu/Downloads/code/new_ball/applications/ball/tasks.py 33 check_money user:6 win
INFO 2016-06-11 15:35:16,896 tasks 16362 140735228776448 /Users/tao-xu/Downloads/code/new_ball/applications/ball/tasks.py 33 check_money user:6 win
INFO 2016-06-11 15:35:16,897 tasks 16361 140735228776448 /Users/tao-xu/Downloads/code/new_ball/applications/ball/tasks.py 37 check_money now is -0.91
INFO 2016-06-11 15:35:16,897 tasks 16362 140735228776448 /Users/tao-xu/Downloads/code/new_ball/applications/ball/tasks.py 37 check_money now is -0.91
INFO 2016-06-11 15:35:16,905 tasks 16362 140735228776448 /Users/tao-xu/Downloads/code/new_ball/applications/ball/tasks.py 33 check_money user:10 win
INFO 2016-06-11 15:35:16,906 tasks 16361 140735228776448 /Users/tao-xu/Downloads/code/new_ball/applications/ball/tasks.py 33 check_money user:10 win
INFO 2016-06-11 15:35:16,908 tasks 16362 140735228776448 /Users/tao-xu/Downloads/code/new_ball/applications/ball/tasks.py 37 check_money now is -0.0182
INFO 2016-06-11 15:35:16,908 tasks 16361 140735228776448 /Users/tao-xu/Downloads/code/new_ball/applications/ball/tasks.py 37 check_money now is -0.0182
INFO 2016-06-11 15:35:16,924 tasks 16362 140735228776448 /Users/tao-xu/Downloads/code/new_ball/applications/ball/tasks.py 33 check_money user:10 win
INFO 2016-06-11 15:35:16,924 tasks 16361 140735228776448 /Users/tao-xu/Downloads/code/new_ball/applications/ball/tasks.py 33 check_money user:10 win
INFO 2016-06-11 15:35:16,926 tasks 16361 140735228776448 /Users/tao-xu/Downloads/code/new_ball/applications/ball/tasks.py 37 check_money now is -0.0182
INFO 2016-06-11 15:35:16,926 tasks 16362 140735228776448 /Users/tao-xu/Downloads/code/new_ball/applications/ball/tasks.py 37 check_money now is -0.0182
INFO 2016-06-11 15:35:16,933 tasks 16362 140735228776448 /Users/tao-xu/Downloads/code/new_ball/applications/ball/tasks.py 33 check_money user:11 win
INFO 2016-06-11 15:35:16,933 tasks 16361 140735228776448 /Users/tao-xu/Downloads/code/new_ball/applications/ball/tasks.py 33 check_money user:11 win
INFO 2016-06-11 15:35:16,935 tasks 16361 140735228776448 /Users/tao-xu/Downloads/code/new_ball/applications/ball/tasks.py 37 check_money now is -0.091
INFO 2016-06-11 15:35:16,935 tasks 16362 140735228776448 /Users/tao-xu/Downloads/code/new_ball/applications/ball/tasks.py 37 check_money now is -0.091
INFO 2016-06-11 15:35:16,946 tasks 16361 140735228776448 /Users/tao-xu/Downloads/code/new_ball/applications/ball/tasks.py 33 check_money user:4 win
INFO 2016-06-11 15:35:16,946 tasks 16362 140735228776448 /Users/tao-xu/Downloads/code/new_ball/applications/ball/tasks.py 33 check_money user:4 win
INFO 2016-06-11 15:35:16,947 tasks 16361 140735228776448 /Users/tao-xu/Downloads/code/new_ball/applications/ball/tasks.py 37 check_money now is -0.27
INFO 2016-06-11 15:35:16,948 tasks 16362 140735228776448 /Users/tao-xu/Downloads/code/new_ball/applications/ball/tasks.py 37 check_money now is -0.27
INFO 2016-06-11 15:35:16,964 tasks 16361 140735228776448 /Users/tao-xu/Downloads/code/new_ball/applications/ball/tasks.py 33 check_money user:4 win
INFO 2016-06-11 15:35:16,965 tasks 16361 140735228776448 /Users/tao-xu/Downloads/code/new_ball/applications/ball/tasks.py 37 check_money now is -0.2184
INFO 2016-06-11 15:35:16,966 tasks 16362 140735228776448 /Users/tao-xu/Downloads/code/new_ball/applications/ball/tasks.py 33 check_money user:4 win
INFO 2016-06-11 15:35:16,968 tasks 16362 140735228776448 /Users/tao-xu/Downloads/code/new_ball/applications/ball/tasks.py 37 check_money now is -0.2184
INFO 2016-06-11 15:35:16,976 tasks 16361 140735228776448 /Users/tao-xu/Downloads/code/new_ball/applications/ball/tasks.py 33 check_money user:14 win
INFO 2016-06-11 15:35:16,978 tasks 16361 140735228776448 /Users/tao-xu/Downloads/code/new_ball/applications/ball/tasks.py 37 check_money now is -0.364
INFO 2016-06-11 15:35:16,980 tasks 16362 140735228776448 /Users/tao-xu/Downloads/code/new_ball/applications/ball/tasks.py 33 check_money user:14 win
INFO 2016-06-11 15:35:16,988 tasks 16362 140735228776448 /Users/tao-xu/Downloads/code/new_ball/applications/ball/tasks.py 37 check_money now is -0.364
INFO 2016-06-11 15:35:16,991 tasks 16361 140735228776448 /Users/tao-xu/Downloads/code/new_ball/applications/ball/tasks.py 33 check_money user:14 win
INFO 2016-06-11 15:35:16,993 tasks 16361 140735228776448 /Users/tao-xu/Downloads/code/new_ball/applications/ball/tasks.py 37 check_money now is -0.364
INFO 2016-06-11 15:35:16,998 tasks 16362 140735228776448 /Users/tao-xu/Downloads/code/new_ball/applications/ball/tasks.py 33 check_money user:14 win
INFO 2016-06-11 15:35:17,000 tasks 16362 140735228776448 /Users/tao-xu/Downloads/code/new_ball/applications/ball/tasks.py 37 check_money now is -0.364
INFO 2016-06-11 15:35:17,001 tasks 16361 140735228776448 /Users/tao-xu/Downloads/code/new_ball/applications/ball/tasks.py 33 check_money user:14 win
INFO 2016-06-11 15:35:17,003 tasks 16361 140735228776448 /Users/tao-xu/Downloads/code/new_ball/applications/ball/tasks.py 37 check_money now is -0.91
INFO 2016-06-11 15:35:17,009 tasks 16362 140735228776448 /Users/tao-xu/Downloads/code/new_ball/applications/ball/tasks.py 33 check_money user:14 win
INFO 2016-06-11 15:35:17,011 tasks 16362 140735228776448 /Users/tao-xu/Downloads/code/new_ball/applications/ball/tasks.py 37 check_money now is -0.91
INFO 2016-06-11 15:35:17,014 tasks 16361 140735228776448 /Users/tao-xu/Downloads/code/new_ball/applications/ball/tasks.py 33 check_money user:18 win
INFO 2016-06-11 15:35:17,020 tasks 16361 140735228776448 /Users/tao-xu/Downloads/code/new_ball/applications/ball/tasks.py 37 check_money now is -0.91
INFO 2016-06-11 15:35:17,023 tasks 16362 140735228776448 /Users/tao-xu/Downloads/code/new_ball/applications/ball/tasks.py 33 check_money user:18 win
INFO 2016-06-11 15:35:17,024 tasks 16362 140735228776448 /Users/tao-xu/Downloads/code/new_ball/applications/ball/tasks.py 37 check_money now is -0.91
INFO 2016-06-11 15:35:17,029 tasks 16361 140735228776448 /Users/tao-xu/Downloads/code/new_ball/applications/ball/tasks.py 50 check_money last money is 5.1658
INFO 2016-06-11 15:35:17,033 tasks 16362 140735228776448 /Users/tao-xu/Downloads/code/new_ball/applications/ball/tasks.py 50 check_money last money is 5.1658
INFO 2016-06-11 15:35:44,187 tasks 16361 140735228776448 /Users/tao-xu/Downloads/code/new_ball/applications/ball/tasks.py 33 check_money user:7 win
INFO 2016-06-11 15:35:44,191 tasks 16361 140735228776448 /Users/tao-xu/Downloads/code/new_ball/applications/ball/tasks.py 37 check_money now is -0.91
INFO 2016-06-11 15:35:44,203 tasks 16361 140735228776448 /Users/tao-xu/Downloads/code/new_ball/applications/ball/tasks.py 33 check_money user:15 win
INFO 2016-06-11 15:35:44,204 tasks 16361 140735228776448 /Users/tao-xu/Downloads/code/new_ball/applications/ball/tasks.py 37 check_money now is -0.182
INFO 2016-06-11 15:35:44,213 tasks 16361 140735228776448 /Users/tao-xu/Downloads/code/new_ball/applications/ball/tasks.py 33 check_money user:6 win
INFO 2016-06-11 15:35:44,215 tasks 16361 140735228776448 /Users/tao-xu/Downloads/code/new_ball/applications/ball/tasks.py 37 check_money now is -0.91
INFO 2016-06-11 15:35:44,224 tasks 16361 140735228776448 /Users/tao-xu/Downloads/code/new_ball/applications/ball/tasks.py 33 check_money user:10 win
INFO 2016-06-11 15:35:44,227 tasks 16361 140735228776448 /Users/tao-xu/Downloads/code/new_ball/applications/ball/tasks.py 37 check_money now is -0.0182
INFO 2016-06-11 15:35:44,242 tasks 16361 140735228776448 /Users/tao-xu/Downloads/code/new_ball/applications/ball/tasks.py 33 check_money user:10 win
INFO 2016-06-11 15:35:44,243 tasks 16361 140735228776448 /Users/tao-xu/Downloads/code/new_ball/applications/ball/tasks.py 37 check_money now is -0.0182
INFO 2016-06-11 15:35:44,251 tasks 16361 140735228776448 /Users/tao-xu/Downloads/code/new_ball/applications/ball/tasks.py 33 check_money user:11 win
INFO 2016-06-11 15:35:44,256 tasks 16361 140735228776448 /Users/tao-xu/Downloads/code/new_ball/applications/ball/tasks.py 37 check_money now is -0.091
INFO 2016-06-11 15:35:44,270 tasks 16361 140735228776448 /Users/tao-xu/Downloads/code/new_ball/applications/ball/tasks.py 33 check_money user:4 win
INFO 2016-06-11 15:35:44,276 tasks 16361 140735228776448 /Users/tao-xu/Downloads/code/new_ball/applications/ball/tasks.py 37 check_money now is -0.27
INFO 2016-06-11 15:35:44,284 tasks 16361 140735228776448 /Users/tao-xu/Downloads/code/new_ball/applications/ball/tasks.py 33 check_money user:4 win
INFO 2016-06-11 15:35:44,285 tasks 16361 140735228776448 /Users/tao-xu/Downloads/code/new_ball/applications/ball/tasks.py 37 check_money now is -0.2184
INFO 2016-06-11 15:35:44,298 tasks 16361 140735228776448 /Users/tao-xu/Downloads/code/new_ball/applications/ball/tasks.py 33 check_money user:14 win
INFO 2016-06-11 15:35:44,301 tasks 16361 140735228776448 /Users/tao-xu/Downloads/code/new_ball/applications/ball/tasks.py 37 check_money now is -0.364
INFO 2016-06-11 15:35:44,319 tasks 16361 140735228776448 /Users/tao-xu/Downloads/code/new_ball/applications/ball/tasks.py 33 check_money user:14 win
INFO 2016-06-11 15:35:44,321 tasks 16361 140735228776448 /Users/tao-xu/Downloads/code/new_ball/applications/ball/tasks.py 37 check_money now is -0.364
INFO 2016-06-11 15:35:44,348 tasks 16361 140735228776448 /Users/tao-xu/Downloads/code/new_ball/applications/ball/tasks.py 33 check_money user:14 win
INFO 2016-06-11 15:35:44,351 tasks 16361 140735228776448 /Users/tao-xu/Downloads/code/new_ball/applications/ball/tasks.py 37 check_money now is -0.91
INFO 2016-06-11 15:35:44,365 tasks 16361 140735228776448 /Users/tao-xu/Downloads/code/new_ball/applications/ball/tasks.py 33 check_money user:18 win
INFO 2016-06-11 15:35:44,366 tasks 16361 140735228776448 /Users/tao-xu/Downloads/code/new_ball/applications/ball/tasks.py 37 check_money now is -0.91
INFO 2016-06-11 15:35:44,375 tasks 16361 140735228776448 /Users/tao-xu/Downloads/code/new_ball/applications/ball/tasks.py 50 check_money last money is 10.3316
=======
INFO 2016-06-07 09:28:17,337 views 35081 123145310715904 /Users/tao-xu/Downloads/code/ball/applications/ball/views.py 178 login customer cds return msg:{"updateTime": "2016-04-29 14:28:57", "contactPhone": "15010141090", "customerName": "3055701220", "customerNo": "E002880", "regionId": 1, "contactEmail": "panlinf@gmail.com", "contactName": "zhengyi", "id": 49942, "licenseNo": "30450002698801", "sale_name": null, "source": "\u76f4\u9500", "trade_name": null, "type": "company", "status": "Online", "region_name": null, "idNo": "130626198109130629", "tradeIds": "1", "licenseImage": "11", "createTime": "2016-02-27 22:57:59", "level": 1, "region": null, "sale_no": null, "signCompany": "CDS", "operateContact": "\u4e3b\u8054\u7cfb\u4eba", "businessContact": "1", "employeeName": null, "customerUNo": ""}
INFO 2016-06-07 09:28:17,340 views 35081 123145310715904 /Users/tao-xu/Downloads/code/ball/applications/ball/views.py 179 login user cds return msg:{"status": "normal", "updateTime": "2016-05-27 10:51:18", "customerName": null, "customerNo": null, "salerName": null, "regionId": 1, "salerNo": null, "securePhone": "15010141098", "id": 6919, "secureAnswer_2": "222222222", "secureAnswer_3": "333333333", "secureEmail": "", "secureAnswer_1": "111111111", "email": "vimcoa8@163.com", "username": "3055701220", "secureQuestion_2": "22222222", "secureQuestion_3": "333333333", "memo": null, "secureQuestion_1": "111111111", "phone": "3055701220", "idNo": "421123198508025635", "address": "address", "password": "93a9e5bb1d598a453606e890f72bd393", "createTime": "2016-02-27 22:57:59", "locked": 1, "firstName": "zheng", "idImage": "ccccc", "lastName": "yi", "region": "BeiJing", "lastTime": "2016-06-07 09:27:14", "customerId": 49942}
INFO 2016-06-07 09:28:17,340 views 35081 123145310715904 /Users/tao-xu/Downloads/code/ball/applications/ball/views.py 181 login gic_user_email:vimcoa8@163.com ,gic_userid:6919,gic_phone:3055701220,gic_username:3055701220
INFO 2016-06-07 09:30:12,745 views 35232 123145310715904 /Users/tao-xu/Downloads/code/ball/applications/ball/views.py 178 login customer cds return msg:{"updateTime": "2016-04-29 14:28:57", "contactPhone": "15010141090", "customerName": "3055701220", "customerNo": "E002880", "regionId": 1, "contactEmail": "panlinf@gmail.com", "contactName": "zhengyi", "id": 49942, "licenseNo": "30450002698801", "sale_name": null, "source": "\u76f4\u9500", "trade_name": null, "type": "company", "status": "Online", "region_name": null, "idNo": "130626198109130629", "tradeIds": "1", "licenseImage": "11", "createTime": "2016-02-27 22:57:59", "level": 1, "region": null, "sale_no": null, "signCompany": "CDS", "operateContact": "\u4e3b\u8054\u7cfb\u4eba", "businessContact": "1", "employeeName": null, "customerUNo": ""}
INFO 2016-06-07 09:30:12,746 views 35232 123145310715904 /Users/tao-xu/Downloads/code/ball/applications/ball/views.py 179 login user cds return msg:{"status": "normal", "updateTime": "2016-05-27 10:51:18", "customerName": null, "customerNo": null, "salerName": null, "regionId": 1, "salerNo": null, "securePhone": "15010141098", "id": 6919, "secureAnswer_2": "222222222", "secureAnswer_3": "333333333", "secureEmail": "", "secureAnswer_1": "111111111", "email": "vimcoa8@163.com", "username": "3055701220", "secureQuestion_2": "22222222", "secureQuestion_3": "333333333", "memo": null, "secureQuestion_1": "111111111", "phone": "3055701220", "idNo": "421123198508025635", "address": "address", "password": "93a9e5bb1d598a453606e890f72bd393", "createTime": "2016-02-27 22:57:59", "locked": 1, "firstName": "zheng", "idImage": "ccccc", "lastName": "yi", "region": "BeiJing", "lastTime": "2016-06-07 09:29:09", "customerId": 49942}
INFO 2016-06-07 09:30:12,746 views 35232 123145310715904 /Users/tao-xu/Downloads/code/ball/applications/ball/views.py 181 login gic_user_email:vimcoa8@163.com ,gic_userid:6919,gic_phone:3055701220,gic_username:3055701220
INFO 2016-06-07 09:30:15,167 views 35232 123145310715904 /Users/tao-xu/Downloads/code/ball/applications/ball/views.py 178 login customer cds return msg:{"updateTime": "2016-04-29 14:28:57", "contactPhone": "15010141090", "customerName": "3055701220", "customerNo": "E002880", "regionId": 1, "contactEmail": "panlinf@gmail.com", "contactName": "zhengyi", "id": 49942, "licenseNo": "30450002698801", "sale_name": null, "source": "\u76f4\u9500", "trade_name": null, "type": "company", "status": "Online", "region_name": null, "idNo": "130626198109130629", "tradeIds": "1", "licenseImage": "11", "createTime": "2016-02-27 22:57:59", "level": 1, "region": null, "sale_no": null, "signCompany": "CDS", "operateContact": "\u4e3b\u8054\u7cfb\u4eba", "businessContact": "1", "employeeName": null, "customerUNo": ""}
INFO 2016-06-07 09:30:15,168 views 35232 123145310715904 /Users/tao-xu/Downloads/code/ball/applications/ball/views.py 179 login user cds return msg:{"status": "normal", "updateTime": "2016-05-27 10:51:18", "customerName": null, "customerNo": null, "salerName": null, "regionId": 1, "salerNo": null, "securePhone": "15010141098", "id": 6919, "secureAnswer_2": "222222222", "secureAnswer_3": "333333333", "secureEmail": "", "secureAnswer_1": "111111111", "email": "vimcoa8@163.com", "username": "3055701220", "secureQuestion_2": "22222222", "secureQuestion_3": "333333333", "memo": null, "secureQuestion_1": "111111111", "phone": "3055701220", "idNo": "421123198508025635", "address": "address", "password": "93a9e5bb1d598a453606e890f72bd393", "createTime": "2016-02-27 22:57:59", "locked": 1, "firstName": "zheng", "idImage": "ccccc", "lastName": "yi", "region": "BeiJing", "lastTime": "2016-06-07 09:29:12", "customerId": 49942}
INFO 2016-06-07 09:30:15,168 views 35232 123145310715904 /Users/tao-xu/Downloads/code/ball/applications/ball/views.py 181 login gic_user_email:vimcoa8@163.com ,gic_userid:6919,gic_phone:3055701220,gic_username:3055701220
INFO 2016-06-07 09:31:00,835 views 35271 123145310715904 /Users/tao-xu/Downloads/code/ball/applications/ball/views.py 178 login customer cds return msg:{"updateTime": "2016-04-29 14:28:57", "contactPhone": "15010141090", "customerName": "3055701220", "customerNo": "E002880", "regionId": 1, "contactEmail": "panlinf@gmail.com", "contactName": "zhengyi", "id": 49942, "licenseNo": "30450002698801", "sale_name": null, "source": "\u76f4\u9500", "trade_name": null, "type": "company", "status": "Online", "region_name": null, "idNo": "130626198109130629", "tradeIds": "1", "licenseImage": "11", "createTime": "2016-02-27 22:57:59", "level": 1, "region": null, "sale_no": null, "signCompany": "CDS", "operateContact": "\u4e3b\u8054\u7cfb\u4eba", "businessContact": "1", "employeeName": null, "customerUNo": ""}
INFO 2016-06-07 09:31:00,835 views 35271 123145310715904 /Users/tao-xu/Downloads/code/ball/applications/ball/views.py 179 login user cds return msg:{"status": "normal", "updateTime": "2016-05-27 10:51:18", "customerName": null, "customerNo": null, "salerName": null, "regionId": 1, "salerNo": null, "securePhone": "15010141098", "id": 6919, "secureAnswer_2": "222222222", "secureAnswer_3": "333333333", "secureEmail": "", "secureAnswer_1": "111111111", "email": "vimcoa8@163.com", "username": "3055701220", "secureQuestion_2": "22222222", "secureQuestion_3": "333333333", "memo": null, "secureQuestion_1": "111111111", "phone": "3055701220", "idNo": "421123198508025635", "address": "address", "password": "93a9e5bb1d598a453606e890f72bd393", "createTime": "2016-02-27 22:57:59", "locked": 1, "firstName": "zheng", "idImage": "ccccc", "lastName": "yi", "region": "BeiJing", "lastTime": "2016-06-07 09:29:57", "customerId": 49942}
INFO 2016-06-07 09:31:00,835 views 35271 123145310715904 /Users/tao-xu/Downloads/code/ball/applications/ball/views.py 181 login gic_user_email:vimcoa8@163.com ,gic_userid:6919,gic_phone:3055701220,gic_username:3055701220
INFO 2016-06-07 09:31:02,215 views 35271 123145310715904 /Users/tao-xu/Downloads/code/ball/applications/ball/views.py 178 login customer cds return msg:{"updateTime": "2016-04-29 14:28:57", "contactPhone": "15010141090", "customerName": "3055701220", "customerNo": "E002880", "regionId": 1, "contactEmail": "panlinf@gmail.com", "contactName": "zhengyi", "id": 49942, "licenseNo": "30450002698801", "sale_name": null, "source": "\u76f4\u9500", "trade_name": null, "type": "company", "status": "Online", "region_name": null, "idNo": "130626198109130629", "tradeIds": "1", "licenseImage": "11", "createTime": "2016-02-27 22:57:59", "level": 1, "region": null, "sale_no": null, "signCompany": "CDS", "operateContact": "\u4e3b\u8054\u7cfb\u4eba", "businessContact": "1", "employeeName": null, "customerUNo": ""}
INFO 2016-06-07 09:31:02,215 views 35271 123145310715904 /Users/tao-xu/Downloads/code/ball/applications/ball/views.py 179 login user cds return msg:{"status": "normal", "updateTime": "2016-05-27 10:51:18", "customerName": null, "customerNo": null, "salerName": null, "regionId": 1, "salerNo": null, "securePhone": "15010141098", "id": 6919, "secureAnswer_2": "222222222", "secureAnswer_3": "333333333", "secureEmail": "", "secureAnswer_1": "111111111", "email": "vimcoa8@163.com", "username": "3055701220", "secureQuestion_2": "22222222", "secureQuestion_3": "333333333", "memo": null, "secureQuestion_1": "111111111", "phone": "3055701220", "idNo": "421123198508025635", "address": "address", "password": "93a9e5bb1d598a453606e890f72bd393", "createTime": "2016-02-27 22:57:59", "locked": 1, "firstName": "zheng", "idImage": "ccccc", "lastName": "yi", "region": "BeiJing", "lastTime": "2016-06-07 09:29:59", "customerId": 49942}
INFO 2016-06-07 09:31:02,216 views 35271 123145310715904 /Users/tao-xu/Downloads/code/ball/applications/ball/views.py 181 login gic_user_email:vimcoa8@163.com ,gic_userid:6919,gic_phone:3055701220,gic_username:3055701220
INFO 2016-06-07 09:31:18,776 views 35293 123145310715904 /Users/tao-xu/Downloads/code/ball/applications/ball/views.py 178 login customer cds return msg:{"updateTime": "2016-04-29 14:28:57", "contactPhone": "15010141090", "customerName": "3055701220", "customerNo": "E002880", "regionId": 1, "contactEmail": "panlinf@gmail.com", "contactName": "zhengyi", "id": 49942, "licenseNo": "30450002698801", "sale_name": null, "source": "\u76f4\u9500", "trade_name": null, "type": "company", "status": "Online", "region_name": null, "idNo": "130626198109130629", "tradeIds": "1", "licenseImage": "11", "createTime": "2016-02-27 22:57:59", "level": 1, "region": null, "sale_no": null, "signCompany": "CDS", "operateContact": "\u4e3b\u8054\u7cfb\u4eba", "businessContact": "1", "employeeName": null, "customerUNo": ""}
INFO 2016-06-07 09:31:18,776 views 35293 123145310715904 /Users/tao-xu/Downloads/code/ball/applications/ball/views.py 179 login user cds return msg:{"status": "normal", "updateTime": "2016-05-27 10:51:18", "customerName": null, "customerNo": null, "salerName": null, "regionId": 1, "salerNo": null, "securePhone": "15010141098", "id": 6919, "secureAnswer_2": "222222222", "secureAnswer_3": "333333333", "secureEmail": "", "secureAnswer_1": "111111111", "email": "vimcoa8@163.com", "username": "3055701220", "secureQuestion_2": "22222222", "secureQuestion_3": "333333333", "memo": null, "secureQuestion_1": "111111111", "phone": "3055701220", "idNo": "421123198508025635", "address": "address", "password": "93a9e5bb1d598a453606e890f72bd393", "createTime": "2016-02-27 22:57:59", "locked": 1, "firstName": "zheng", "idImage": "ccccc", "lastName": "yi", "region": "BeiJing", "lastTime": "2016-06-07 09:30:15", "customerId": 49942}
INFO 2016-06-07 09:31:18,776 views 35293 123145310715904 /Users/tao-xu/Downloads/code/ball/applications/ball/views.py 181 login gic_user_email:vimcoa8@163.com ,gic_userid:6919,gic_phone:3055701220,gic_username:3055701220
INFO 2016-06-07 10:06:48,701 views 37293 123145310715904 /Users/tao-xu/Downloads/code/ball/applications/ball/views.py 181 login customer cds return msg:{"updateTime": "2016-04-29 14:28:57", "contactPhone": "15010141090", "customerName": "3055701220", "customerNo": "E002880", "regionId": 1, "contactEmail": "panlinf@gmail.com", "contactName": "zhengyi", "id": 49942, "licenseNo": "30450002698801", "sale_name": null, "source": "\u76f4\u9500", "trade_name": null, "type": "company", "status": "Online", "region_name": null, "idNo": "130626198109130629", "tradeIds": "1", "licenseImage": "11", "createTime": "2016-02-27 22:57:59", "level": 1, "region": null, "sale_no": null, "signCompany": "CDS", "operateContact": "\u4e3b\u8054\u7cfb\u4eba", "businessContact": "1", "employeeName": null, "customerUNo": ""}
INFO 2016-06-07 10:06:48,702 views 37293 123145310715904 /Users/tao-xu/Downloads/code/ball/applications/ball/views.py 182 login user cds return msg:{"status": "normal", "updateTime": "2016-05-27 10:51:18", "customerName": null, "customerNo": null, "salerName": null, "regionId": 1, "salerNo": null, "securePhone": "15010141098", "id": 6919, "secureAnswer_2": "222222222", "secureAnswer_3": "333333333", "secureEmail": "", "secureAnswer_1": "111111111", "email": "vimcoa8@163.com", "username": "3055701220", "secureQuestion_2": "22222222", "secureQuestion_3": "333333333", "memo": null, "secureQuestion_1": "111111111", "phone": "3055701220", "idNo": "421123198508025635", "address": "address", "password": "93a9e5bb1d598a453606e890f72bd393", "createTime": "2016-02-27 22:57:59", "locked": 1, "firstName": "zheng", "idImage": "ccccc", "lastName": "yi", "region": "BeiJing", "lastTime": "2016-06-07 10:05:45", "customerId": 49942}
INFO 2016-06-07 10:06:48,702 views 37293 123145310715904 /Users/tao-xu/Downloads/code/ball/applications/ball/views.py 184 login gic_user_email:vimcoa8@163.com ,gic_userid:6919,gic_phone:3055701220,gic_username:3055701220
INFO 2016-06-07 10:52:45,440 views 39855 123145310715904 /Users/tao-xu/Downloads/code/ball/applications/ball/views.py 193 login customer cds return msg:{"updateTime": "2016-04-29 14:28:57", "contactPhone": "15010141090", "customerName": "3055701220", "customerNo": "E002880", "regionId": 1, "contactEmail": "panlinf@gmail.com", "contactName": "zhengyi", "id": 49942, "licenseNo": "30450002698801", "sale_name": null, "source": "\u76f4\u9500", "trade_name": null, "type": "company", "status": "Online", "region_name": null, "idNo": "130626198109130629", "tradeIds": "1", "licenseImage": "11", "createTime": "2016-02-27 22:57:59", "level": 1, "region": null, "sale_no": null, "signCompany": "CDS", "operateContact": "\u4e3b\u8054\u7cfb\u4eba", "businessContact": "1", "employeeName": null, "customerUNo": ""}
INFO 2016-06-07 10:52:45,442 views 39855 123145310715904 /Users/tao-xu/Downloads/code/ball/applications/ball/views.py 194 login user cds return msg:{"status": "normal", "updateTime": "2016-05-27 10:51:18", "customerName": null, "customerNo": null, "salerName": null, "regionId": 1, "salerNo": null, "securePhone": "15010141098", "id": 6919, "secureAnswer_2": "222222222", "secureAnswer_3": "333333333", "secureEmail": "", "secureAnswer_1": "111111111", "email": "vimcoa8@163.com", "username": "3055701220", "secureQuestion_2": "22222222", "secureQuestion_3": "333333333", "memo": null, "secureQuestion_1": "111111111", "phone": "3055701220", "idNo": "421123198508025635", "address": "address", "password": "93a9e5bb1d598a453606e890f72bd393", "createTime": "2016-02-27 22:57:59", "locked": 1, "firstName": "zheng", "idImage": "ccccc", "lastName": "yi", "region": "BeiJing", "lastTime": "2016-06-07 10:51:43", "customerId": 49942}
INFO 2016-06-07 10:52:45,443 views 39855 123145310715904 /Users/tao-xu/Downloads/code/ball/applications/ball/views.py 196 login gic_user_email:vimcoa8@163.com ,gic_userid:6919,gic_phone:3055701220,gic_username:3055701220
INFO 2016-06-07 12:29:27,856 views 42109 123145310715904 /Users/tao-xu/Downloads/code/ball/applications/ball/views.py 193 login customer cds return msg:{"updateTime": "2016-04-29 14:28:57", "contactPhone": "15010141090", "customerName": "3055701220", "customerNo": "E002880", "regionId": 1, "contactEmail": "panlinf@gmail.com", "contactName": "zhengyi", "id": 49942, "licenseNo": "30450002698801", "sale_name": null, "source": "\u76f4\u9500", "trade_name": null, "type": "company", "status": "Online", "region_name": null, "idNo": "130626198109130629", "tradeIds": "1", "licenseImage": "11", "createTime": "2016-02-27 22:57:59", "level": 1, "region": null, "sale_no": null, "signCompany": "CDS", "operateContact": "\u4e3b\u8054\u7cfb\u4eba", "businessContact": "1", "employeeName": null, "customerUNo": ""}
INFO 2016-06-07 12:29:27,859 views 42109 123145310715904 /Users/tao-xu/Downloads/code/ball/applications/ball/views.py 194 login user cds return msg:{"status": "normal", "updateTime": "2016-05-27 10:51:18", "customerName": null, "customerNo": null, "salerName": null, "regionId": 1, "salerNo": null, "securePhone": "15010141098", "id": 6919, "secureAnswer_2": "222222222", "secureAnswer_3": "333333333", "secureEmail": "", "secureAnswer_1": "111111111", "email": "vimcoa8@163.com", "username": "3055701220", "secureQuestion_2": "22222222", "secureQuestion_3": "333333333", "memo": null, "secureQuestion_1": "111111111", "phone": "3055701220", "idNo": "421123198508025635", "address": "address", "password": "93a9e5bb1d598a453606e890f72bd393", "createTime": "2016-02-27 22:57:59", "locked": 1, "firstName": "zheng", "idImage": "ccccc", "lastName": "yi", "region": "BeiJing", "lastTime": "2016-06-07 12:28:25", "customerId": 49942}
INFO 2016-06-07 12:29:27,860 views 42109 123145310715904 /Users/tao-xu/Downloads/code/ball/applications/ball/views.py 196 login gic_user_email:vimcoa8@163.com ,gic_userid:6919,gic_phone:3055701220,gic_username:3055701220
INFO 2016-06-07 12:29:28,950 views 42109 123145314922496 /Users/tao-xu/Downloads/code/ball/applications/ball/views.py 193 login customer cds return msg:{"updateTime": "2016-04-29 14:28:57", "contactPhone": "15010141090", "customerName": "3055701220", "customerNo": "E002880", "regionId": 1, "contactEmail": "panlinf@gmail.com", "contactName": "zhengyi", "id": 49942, "licenseNo": "30450002698801", "sale_name": null, "source": "\u76f4\u9500", "trade_name": null, "type": "company", "status": "Online", "region_name": null, "idNo": "130626198109130629", "tradeIds": "1", "licenseImage": "11", "createTime": "2016-02-27 22:57:59", "level": 1, "region": null, "sale_no": null, "signCompany": "CDS", "operateContact": "\u4e3b\u8054\u7cfb\u4eba", "businessContact": "1", "employeeName": null, "customerUNo": ""}
INFO 2016-06-07 12:29:28,950 views 42109 123145314922496 /Users/tao-xu/Downloads/code/ball/applications/ball/views.py 194 login user cds return msg:{"status": "normal", "updateTime": "2016-05-27 10:51:18", "customerName": null, "customerNo": null, "salerName": null, "regionId": 1, "salerNo": null, "securePhone": "15010141098", "id": 6919, "secureAnswer_2": "222222222", "secureAnswer_3": "333333333", "secureEmail": "", "secureAnswer_1": "111111111", "email": "vimcoa8@163.com", "username": "3055701220", "secureQuestion_2": "22222222", "secureQuestion_3": "333333333", "memo": null, "secureQuestion_1": "111111111", "phone": "3055701220", "idNo": "421123198508025635", "address": "address", "password": "93a9e5bb1d598a453606e890f72bd393", "createTime": "2016-02-27 22:57:59", "locked": 1, "firstName": "zheng", "idImage": "ccccc", "lastName": "yi", "region": "BeiJing", "lastTime": "2016-06-07 12:28:26", "customerId": 49942}
INFO 2016-06-07 12:29:28,951 views 42109 123145314922496 /Users/tao-xu/Downloads/code/ball/applications/ball/views.py 196 login gic_user_email:vimcoa8@163.com ,gic_userid:6919,gic_phone:3055701220,gic_username:3055701220
INFO 2016-06-07 14:58:05,615 views 50763 123145310715904 /Users/tao-xu/Downloads/code/ball/applications/ball/views.py 206 login customer cds return msg:{"updateTime": "2016-04-29 14:28:57", "contactPhone": "15010141090", "customerName": "3055701220", "customerNo": "E002880", "regionId": 1, "contactEmail": "panlinf@gmail.com", "contactName": "zhengyi", "id": 49942, "licenseNo": "30450002698801", "sale_name": null, "source": "\u76f4\u9500", "trade_name": null, "type": "company", "status": "Online", "region_name": null, "idNo": "130626198109130629", "tradeIds": "1", "licenseImage": "11", "createTime": "2016-02-27 22:57:59", "level": 1, "region": null, "sale_no": null, "signCompany": "CDS", "operateContact": "\u4e3b\u8054\u7cfb\u4eba", "businessContact": "1", "employeeName": null, "customerUNo": ""}
INFO 2016-06-07 14:58:05,618 views 50763 123145310715904 /Users/tao-xu/Downloads/code/ball/applications/ball/views.py 207 login user cds return msg:{"status": "normal", "updateTime": "2016-05-27 10:51:18", "customerName": null, "customerNo": null, "salerName": null, "regionId": 1, "salerNo": null, "securePhone": "15010141098", "id": 6919, "secureAnswer_2": "222222222", "secureAnswer_3": "333333333", "secureEmail": "", "secureAnswer_1": "111111111", "email": "vimcoa8@163.com", "username": "3055701220", "secureQuestion_2": "22222222", "secureQuestion_3": "333333333", "memo": null, "secureQuestion_1": "111111111", "phone": "3055701220", "idNo": "421123198508025635", "address": "address", "password": "93a9e5bb1d598a453606e890f72bd393", "createTime": "2016-02-27 22:57:59", "locked": 1, "firstName": "zheng", "idImage": "ccccc", "lastName": "yi", "region": "BeiJing", "lastTime": "2016-06-07 14:57:03", "customerId": 49942}
INFO 2016-06-07 14:58:05,618 views 50763 123145310715904 /Users/tao-xu/Downloads/code/ball/applications/ball/views.py 209 login gic_user_email:vimcoa8@163.com ,gic_userid:6919,gic_phone:3055701220,gic_username:3055701220
INFO 2016-06-07 15:14:12,459 views 50763 123145310715904 /Users/tao-xu/Downloads/code/ball/applications/ball/views.py 206 login customer cds return msg:{"updateTime": "2016-04-29 14:28:57", "contactPhone": "15010141090", "customerName": "3055701220", "customerNo": "E002880", "regionId": 1, "contactEmail": "panlinf@gmail.com", "contactName": "zhengyi", "id": 49942, "licenseNo": "30450002698801", "sale_name": null, "source": "\u76f4\u9500", "trade_name": null, "type": "company", "status": "Online", "region_name": null, "idNo": "130626198109130629", "tradeIds": "1", "licenseImage": "11", "createTime": "2016-02-27 22:57:59", "level": 1, "region": null, "sale_no": null, "signCompany": "CDS", "operateContact": "\u4e3b\u8054\u7cfb\u4eba", "businessContact": "1", "employeeName": null, "customerUNo": ""}
INFO 2016-06-07 15:14:12,463 views 50763 123145310715904 /Users/tao-xu/Downloads/code/ball/applications/ball/views.py 207 login user cds return msg:{"status": "normal", "updateTime": "2016-05-27 10:51:18", "customerName": null, "customerNo": null, "salerName": null, "regionId": 1, "salerNo": null, "securePhone": "15010141098", "id": 6919, "secureAnswer_2": "222222222", "secureAnswer_3": "333333333", "secureEmail": "", "secureAnswer_1": "111111111", "email": "vimcoa8@163.com", "username": "3055701220", "secureQuestion_2": "22222222", "secureQuestion_3": "333333333", "memo": null, "secureQuestion_1": "111111111", "phone": "3055701220", "idNo": "421123198508025635", "address": "address", "password": "93a9e5bb1d598a453606e890f72bd393", "createTime": "2016-02-27 22:57:59", "locked": 1, "firstName": "zheng", "idImage": "ccccc", "lastName": "yi", "region": "BeiJing", "lastTime": "2016-06-07 15:13:10", "customerId": 49942}
INFO 2016-06-07 15:14:12,463 views 50763 123145310715904 /Users/tao-xu/Downloads/code/ball/applications/ball/views.py 209 login gic_user_email:vimcoa8@163.com ,gic_userid:6919,gic_phone:3055701220,gic_username:3055701220
INFO 2016-06-07 15:37:01,526 views 50763 123145310715904 /Users/tao-xu/Downloads/code/ball/applications/ball/views.py 206 login customer cds return msg:{"updateTime": "2016-04-29 14:28:57", "contactPhone": "15010141090", "customerName": "3055701220", "customerNo": "E002880", "regionId": 1, "contactEmail": "panlinf@gmail.com", "contactName": "zhengyi", "id": 49942, "licenseNo": "30450002698801", "sale_name": null, "source": "\u76f4\u9500", "trade_name": null, "type": "company", "status": "Online", "region_name": null, "idNo": "130626198109130629", "tradeIds": "1", "licenseImage": "11", "createTime": "2016-02-27 22:57:59", "level": 1, "region": null, "sale_no": null, "signCompany": "CDS", "operateContact": "\u4e3b\u8054\u7cfb\u4eba", "businessContact": "1", "employeeName": null, "customerUNo": ""}
INFO 2016-06-07 15:37:01,527 views 50763 123145310715904 /Users/tao-xu/Downloads/code/ball/applications/ball/views.py 207 login user cds return msg:{"status": "normal", "updateTime": "2016-05-27 10:51:18", "customerName": null, "customerNo": null, "salerName": null, "regionId": 1, "salerNo": null, "securePhone": "15010141098", "id": 6919, "secureAnswer_2": "222222222", "secureAnswer_3": "333333333", "secureEmail": "", "secureAnswer_1": "111111111", "email": "vimcoa8@163.com", "username": "3055701220", "secureQuestion_2": "22222222", "secureQuestion_3": "333333333", "memo": null, "secureQuestion_1": "111111111", "phone": "3055701220", "idNo": "421123198508025635", "address": "address", "password": "93a9e5bb1d598a453606e890f72bd393", "createTime": "2016-02-27 22:57:59", "locked": 1, "firstName": "zheng", "idImage": "ccccc", "lastName": "yi", "region": "BeiJing", "lastTime": "2016-06-07 15:35:59", "customerId": 49942}
INFO 2016-06-07 15:37:01,527 views 50763 123145310715904 /Users/tao-xu/Downloads/code/ball/applications/ball/views.py 209 login gic_user_email:vimcoa8@163.com ,gic_userid:6919,gic_phone:3055701220,gic_username:3055701220
INFO 2016-06-07 19:16:41,216 views 63745 123145319129088 /Users/tao-xu/Downloads/code/ball/applications/ball/views.py 206 login customer cds return msg:{"updateTime": "2016-04-29 14:28:57", "contactPhone": "15010141090", "customerName": "3055701220", "customerNo": "E002880", "regionId": 1, "contactEmail": "panlinf@gmail.com", "contactName": "zhengyi", "id": 49942, "licenseNo": "30450002698801", "sale_name": null, "source": "\u76f4\u9500", "trade_name": null, "type": "company", "status": "Online", "region_name": null, "idNo": "130626198109130629", "tradeIds": "1", "licenseImage": "11", "createTime": "2016-02-27 22:57:59", "level": 1, "region": null, "sale_no": null, "signCompany": "CDS", "operateContact": "\u4e3b\u8054\u7cfb\u4eba", "businessContact": "1", "employeeName": null, "customerUNo": ""}
INFO 2016-06-07 19:16:41,220 views 63745 123145319129088 /Users/tao-xu/Downloads/code/ball/applications/ball/views.py 207 login user cds return msg:{"status": "normal", "updateTime": "2016-05-27 10:51:18", "customerName": null, "customerNo": null, "salerName": null, "regionId": 1, "salerNo": null, "securePhone": "15010141098", "id": 6919, "secureAnswer_2": "222222222", "secureAnswer_3": "333333333", "secureEmail": "", "secureAnswer_1": "111111111", "email": "vimcoa8@163.com", "username": "3055701220", "secureQuestion_2": "22222222", "secureQuestion_3": "333333333", "memo": null, "secureQuestion_1": "111111111", "phone": "3055701220", "idNo": "421123198508025635", "address": "address", "password": "93a9e5bb1d598a453606e890f72bd393", "createTime": "2016-02-27 22:57:59", "locked": 1, "firstName": "zheng", "idImage": "ccccc", "lastName": "yi", "region": "BeiJing", "lastTime": "2016-06-07 19:15:38", "customerId": 49942}
INFO 2016-06-07 19:16:41,221 views 63745 123145319129088 /Users/tao-xu/Downloads/code/ball/applications/ball/views.py 209 login gic_user_email:vimcoa8@163.com ,gic_userid:6919,gic_phone:3055701220,gic_username:3055701220
INFO 2016-06-07 19:16:42,842 views 63745 123145314922496 /Users/tao-xu/Downloads/code/ball/applications/ball/views.py 206 login customer cds return msg:{"updateTime": "2016-04-29 14:28:57", "contactPhone": "15010141090", "customerName": "3055701220", "customerNo": "E002880", "regionId": 1, "contactEmail": "panlinf@gmail.com", "contactName": "zhengyi", "id": 49942, "licenseNo": "30450002698801", "sale_name": null, "source": "\u76f4\u9500", "trade_name": null, "type": "company", "status": "Online", "region_name": null, "idNo": "130626198109130629", "tradeIds": "1", "licenseImage": "11", "createTime": "2016-02-27 22:57:59", "level": 1, "region": null, "sale_no": null, "signCompany": "CDS", "operateContact": "\u4e3b\u8054\u7cfb\u4eba", "businessContact": "1", "employeeName": null, "customerUNo": ""}
INFO 2016-06-07 19:16:42,842 views 63745 123145314922496 /Users/tao-xu/Downloads/code/ball/applications/ball/views.py 207 login user cds return msg:{"status": "normal", "updateTime": "2016-05-27 10:51:18", "customerName": null, "customerNo": null, "salerName": null, "regionId": 1, "salerNo": null, "securePhone": "15010141098", "id": 6919, "secureAnswer_2": "222222222", "secureAnswer_3": "333333333", "secureEmail": "", "secureAnswer_1": "111111111", "email": "vimcoa8@163.com", "username": "3055701220", "secureQuestion_2": "22222222", "secureQuestion_3": "333333333", "memo": null, "secureQuestion_1": "111111111", "phone": "3055701220", "idNo": "421123198508025635", "address": "address", "password": "93a9e5bb1d598a453606e890f72bd393", "createTime": "2016-02-27 22:57:59", "locked": 1, "firstName": "zheng", "idImage": "ccccc", "lastName": "yi", "region": "BeiJing", "lastTime": "2016-06-07 19:15:36", "customerId": 49942}
INFO 2016-06-07 19:16:42,843 views 63745 123145314922496 /Users/tao-xu/Downloads/code/ball/applications/ball/views.py 209 login gic_user_email:vimcoa8@163.com ,gic_userid:6919,gic_phone:3055701220,gic_username:3055701220
INFO 2016-06-07 19:16:42,928 views 63745 123145328156672 /Users/tao-xu/Downloads/code/ball/applications/ball/views.py 206 login customer cds return msg:{"updateTime": "2016-04-29 14:28:57", "contactPhone": "15010141090", "customerName": "3055701220", "customerNo": "E002880", "regionId": 1, "contactEmail": "panlinf@gmail.com", "contactName": "zhengyi", "id": 49942, "licenseNo": "30450002698801", "sale_name": null, "source": "\u76f4\u9500", "trade_name": null, "type": "company", "status": "Online", "region_name": null, "idNo": "130626198109130629", "tradeIds": "1", "licenseImage": "11", "createTime": "2016-02-27 22:57:59", "level": 1, "region": null, "sale_no": null, "signCompany": "CDS", "operateContact": "\u4e3b\u8054\u7cfb\u4eba", "businessContact": "1", "employeeName": null, "customerUNo": ""}
INFO 2016-06-07 19:16:42,928 views 63745 123145328156672 /Users/tao-xu/Downloads/code/ball/applications/ball/views.py 207 login user cds return msg:{"status": "normal", "updateTime": "2016-05-27 10:51:18", "customerName": null, "customerNo": null, "salerName": null, "regionId": 1, "salerNo": null, "securePhone": "15010141098", "id": 6919, "secureAnswer_2": "222222222", "secureAnswer_3": "333333333", "secureEmail": "", "secureAnswer_1": "111111111", "email": "vimcoa8@163.com", "username": "3055701220", "secureQuestion_2": "22222222", "secureQuestion_3": "333333333", "memo": null, "secureQuestion_1": "111111111", "phone": "3055701220", "idNo": "421123198508025635", "address": "address", "password": "93a9e5bb1d598a453606e890f72bd393", "createTime": "2016-02-27 22:57:59", "locked": 1, "firstName": "zheng", "idImage": "ccccc", "lastName": "yi", "region": "BeiJing", "lastTime": "2016-06-07 19:15:40", "customerId": 49942}
INFO 2016-06-07 19:16:42,928 views 63745 123145328156672 /Users/tao-xu/Downloads/code/ball/applications/ball/views.py 209 login gic_user_email:vimcoa8@163.com ,gic_userid:6919,gic_phone:3055701220,gic_username:3055701220
INFO 2016-06-07 19:27:00,610 views 65123 123145310715904 /Users/tao-xu/Downloads/code/ball/applications/ball/views.py 206 login customer cds return msg:{"updateTime": "2016-04-29 14:28:57", "contactPhone": "15010141090", "customerName": "3055701220", "customerNo": "E002880", "regionId": 1, "contactEmail": "panlinf@gmail.com", "contactName": "zhengyi", "id": 49942, "licenseNo": "30450002698801", "sale_name": null, "source": "\u76f4\u9500", "trade_name": null, "type": "company", "status": "Online", "region_name": null, "idNo": "130626198109130629", "tradeIds": "1", "licenseImage": "11", "createTime": "2016-02-27 22:57:59", "level": 1, "region": null, "sale_no": null, "signCompany": "CDS", "operateContact": "\u4e3b\u8054\u7cfb\u4eba", "businessContact": "1", "employeeName": null, "customerUNo": ""}
INFO 2016-06-07 19:27:00,614 views 65123 123145310715904 /Users/tao-xu/Downloads/code/ball/applications/ball/views.py 207 login user cds return msg:{"status": "normal", "updateTime": "2016-05-27 10:51:18", "customerName": null, "customerNo": null, "salerName": null, "regionId": 1, "salerNo": null, "securePhone": "15010141098", "id": 6919, "secureAnswer_2": "222222222", "secureAnswer_3": "333333333", "secureEmail": "", "secureAnswer_1": "111111111", "email": "vimcoa8@163.com", "username": "3055701220", "secureQuestion_2": "22222222", "secureQuestion_3": "333333333", "memo": null, "secureQuestion_1": "111111111", "phone": "3055701220", "idNo": "421123198508025635", "address": "address", "password": "93a9e5bb1d598a453606e890f72bd393", "createTime": "2016-02-27 22:57:59", "locked": 1, "firstName": "zheng", "idImage": "ccccc", "lastName": "yi", "region": "BeiJing", "lastTime": "2016-06-07 19:25:58", "customerId": 49942}
INFO 2016-06-07 19:27:00,614 views 65123 123145310715904 /Users/tao-xu/Downloads/code/ball/applications/ball/views.py 209 login gic_user_email:vimcoa8@163.com ,gic_userid:6919,gic_phone:3055701220,gic_username:3055701220
INFO 2016-06-07 19:27:00,875 views 65123 123145314922496 /Users/tao-xu/Downloads/code/ball/applications/ball/views.py 206 login customer cds return msg:{"updateTime": "2016-04-29 14:28:57", "contactPhone": "15010141090", "customerName": "3055701220", "customerNo": "E002880", "regionId": 1, "contactEmail": "panlinf@gmail.com", "contactName": "zhengyi", "id": 49942, "licenseNo": "30450002698801", "sale_name": null, "source": "\u76f4\u9500", "trade_name": null, "type": "company", "status": "Online", "region_name": null, "idNo": "130626198109130629", "tradeIds": "1", "licenseImage": "11", "createTime": "2016-02-27 22:57:59", "level": 1, "region": null, "sale_no": null, "signCompany": "CDS", "operateContact": "\u4e3b\u8054\u7cfb\u4eba", "businessContact": "1", "employeeName": null, "customerUNo": ""}
INFO 2016-06-07 19:27:00,876 views 65123 123145314922496 /Users/tao-xu/Downloads/code/ball/applications/ball/views.py 207 login user cds return msg:{"status": "normal", "updateTime": "2016-05-27 10:51:18", "customerName": null, "customerNo": null, "salerName": null, "regionId": 1, "salerNo": null, "securePhone": "15010141098", "id": 6919, "secureAnswer_2": "222222222", "secureAnswer_3": "333333333", "secureEmail": "", "secureAnswer_1": "111111111", "email": "vimcoa8@163.com", "username": "3055701220", "secureQuestion_2": "22222222", "secureQuestion_3": "333333333", "memo": null, "secureQuestion_1": "111111111", "phone": "3055701220", "idNo": "421123198508025635", "address": "address", "password": "93a9e5bb1d598a453606e890f72bd393", "createTime": "2016-02-27 22:57:59", "locked": 1, "firstName": "zheng", "idImage": "ccccc", "lastName": "yi", "region": "BeiJing", "lastTime": "2016-06-07 19:25:58", "customerId": 49942}
INFO 2016-06-07 19:27:00,876 views 65123 123145314922496 /Users/tao-xu/Downloads/code/ball/applications/ball/views.py 209 login gic_user_email:vimcoa8@163.com ,gic_userid:6919,gic_phone:3055701220,gic_username:3055701220
INFO 2016-06-07 19:27:22,441 views 65123 123145314922496 /Users/tao-xu/Downloads/code/ball/applications/ball/views.py 206 login customer cds return msg:{"updateTime": "2016-04-29 14:28:57", "contactPhone": "15010141090", "customerName": "3055701220", "customerNo": "E002880", "regionId": 1, "contactEmail": "panlinf@gmail.com", "contactName": "zhengyi", "id": 49942, "licenseNo": "30450002698801", "sale_name": null, "source": "\u76f4\u9500", "trade_name": null, "type": "company", "status": "Online", "region_name": null, "idNo": "130626198109130629", "tradeIds": "1", "licenseImage": "11", "createTime": "2016-02-27 22:57:59", "level": 1, "region": null, "sale_no": null, "signCompany": "CDS", "operateContact": "\u4e3b\u8054\u7cfb\u4eba", "businessContact": "1", "employeeName": null, "customerUNo": ""}
INFO 2016-06-07 19:27:22,441 views 65123 123145310715904 /Users/tao-xu/Downloads/code/ball/applications/ball/views.py 206 login customer cds return msg:{"updateTime": "2016-04-29 14:28:57", "contactPhone": "15010141090", "customerName": "3055701220", "customerNo": "E002880", "regionId": 1, "contactEmail": "panlinf@gmail.com", "contactName": "zhengyi", "id": 49942, "licenseNo": "30450002698801", "sale_name": null, "source": "\u76f4\u9500", "trade_name": null, "type": "company", "status": "Online", "region_name": null, "idNo": "130626198109130629", "tradeIds": "1", "licenseImage": "11", "createTime": "2016-02-27 22:57:59", "level": 1, "region": null, "sale_no": null, "signCompany": "CDS", "operateContact": "\u4e3b\u8054\u7cfb\u4eba", "businessContact": "1", "employeeName": null, "customerUNo": ""}
INFO 2016-06-07 19:27:22,441 views 65123 123145314922496 /Users/tao-xu/Downloads/code/ball/applications/ball/views.py 207 login user cds return msg:{"status": "normal", "updateTime": "2016-05-27 10:51:18", "customerName": null, "customerNo": null, "salerName": null, "regionId": 1, "salerNo": null, "securePhone": "15010141098", "id": 6919, "secureAnswer_2": "222222222", "secureAnswer_3": "333333333", "secureEmail": "", "secureAnswer_1": "111111111", "email": "vimcoa8@163.com", "username": "3055701220", "secureQuestion_2": "22222222", "secureQuestion_3": "333333333", "memo": null, "secureQuestion_1": "111111111", "phone": "3055701220", "idNo": "421123198508025635", "address": "address", "password": "93a9e5bb1d598a453606e890f72bd393", "createTime": "2016-02-27 22:57:59", "locked": 1, "firstName": "zheng", "idImage": "ccccc", "lastName": "yi", "region": "BeiJing", "lastTime": "2016-06-07 19:26:20", "customerId": 49942}
INFO 2016-06-07 19:27:22,442 views 65123 123145310715904 /Users/tao-xu/Downloads/code/ball/applications/ball/views.py 207 login user cds return msg:{"status": "normal", "updateTime": "2016-05-27 10:51:18", "customerName": null, "customerNo": null, "salerName": null, "regionId": 1, "salerNo": null, "securePhone": "15010141098", "id": 6919, "secureAnswer_2": "222222222", "secureAnswer_3": "333333333", "secureEmail": "", "secureAnswer_1": "111111111", "email": "vimcoa8@163.com", "username": "3055701220", "secureQuestion_2": "22222222", "secureQuestion_3": "333333333", "memo": null, "secureQuestion_1": "111111111", "phone": "3055701220", "idNo": "421123198508025635", "address": "address", "password": "93a9e5bb1d598a453606e890f72bd393", "createTime": "2016-02-27 22:57:59", "locked": 1, "firstName": "zheng", "idImage": "ccccc", "lastName": "yi", "region": "BeiJing", "lastTime": "2016-06-07 19:26:20", "customerId": 49942}
INFO 2016-06-07 19:27:22,442 views 65123 123145314922496 /Users/tao-xu/Downloads/code/ball/applications/ball/views.py 209 login gic_user_email:vimcoa8@163.com ,gic_userid:6919,gic_phone:3055701220,gic_username:3055701220
INFO 2016-06-07 19:27:22,442 views 65123 123145310715904 /Users/tao-xu/Downloads/code/ball/applications/ball/views.py 209 login gic_user_email:vimcoa8@163.com ,gic_userid:6919,gic_phone:3055701220,gic_username:3055701220
INFO 2016-06-11 02:59:28,332 views 20649 139825921881920 /root/ball/new_ball/applications/ball/views.py 193 login login ucenter catch errorTraceback (most recent call last):
  File "/root/ball/new_ball/applications/ball/views.py", line 190, in login
    user = User.update_cds_employee(employee)
  File "/root/ball/new_ball/applications/users/models.py", line 91, in update_cds_employee
    print(employee)
IOError: [Errno 5] Input/output error

INFO 2016-06-11 07:10:38,889 views 20649 139825921881920 /root/ball/new_ball/applications/ball/views.py 193 login login ucenter catch errorTraceback (most recent call last):
  File "/root/ball/new_ball/applications/ball/views.py", line 190, in login
    user = User.update_cds_employee(employee)
  File "/root/ball/new_ball/applications/users/models.py", line 91, in update_cds_employee
    print(employee)
IOError: [Errno 5] Input/output error

INFO 2016-06-11 08:28:09,118 tasks 24490 140513027831616 /root/ball/new_ball/applications/ball/tasks.py 33 check_money user:7 win
INFO 2016-06-11 08:28:09,120 tasks 24489 140513027831616 /root/ball/new_ball/applications/ball/tasks.py 33 check_money user:7 win
INFO 2016-06-11 08:28:09,124 tasks 24490 140513027831616 /root/ball/new_ball/applications/ball/tasks.py 33 check_money user:15 win
INFO 2016-06-11 08:28:09,125 tasks 24489 140513027831616 /root/ball/new_ball/applications/ball/tasks.py 33 check_money user:15 win
INFO 2016-06-11 08:28:09,129 tasks 24490 140513027831616 /root/ball/new_ball/applications/ball/tasks.py 33 check_money user:6 win
INFO 2016-06-11 08:28:09,130 tasks 24489 140513027831616 /root/ball/new_ball/applications/ball/tasks.py 33 check_money user:6 win
INFO 2016-06-11 08:28:09,133 tasks 24490 140513027831616 /root/ball/new_ball/applications/ball/tasks.py 33 check_money user:10 win
INFO 2016-06-11 08:28:09,134 tasks 24489 140513027831616 /root/ball/new_ball/applications/ball/tasks.py 33 check_money user:10 win
INFO 2016-06-11 08:28:09,137 tasks 24490 140513027831616 /root/ball/new_ball/applications/ball/tasks.py 33 check_money user:10 win
INFO 2016-06-11 08:28:09,138 tasks 24489 140513027831616 /root/ball/new_ball/applications/ball/tasks.py 33 check_money user:10 win
INFO 2016-06-11 08:28:09,141 tasks 24490 140513027831616 /root/ball/new_ball/applications/ball/tasks.py 33 check_money user:11 win
INFO 2016-06-11 08:28:09,143 tasks 24489 140513027831616 /root/ball/new_ball/applications/ball/tasks.py 33 check_money user:11 win
INFO 2016-06-11 08:28:09,146 tasks 24490 140513027831616 /root/ball/new_ball/applications/ball/tasks.py 33 check_money user:4 win
INFO 2016-06-11 08:28:09,147 tasks 24489 140513027831616 /root/ball/new_ball/applications/ball/tasks.py 33 check_money user:4 win
INFO 2016-06-11 08:28:09,150 tasks 24490 140513027831616 /root/ball/new_ball/applications/ball/tasks.py 33 check_money user:4 win
INFO 2016-06-11 08:28:09,151 tasks 24489 140513027831616 /root/ball/new_ball/applications/ball/tasks.py 33 check_money user:4 win
INFO 2016-06-11 08:28:09,155 tasks 24490 140513027831616 /root/ball/new_ball/applications/ball/tasks.py 33 check_money user:14 win
INFO 2016-06-11 08:28:09,156 tasks 24489 140513027831616 /root/ball/new_ball/applications/ball/tasks.py 33 check_money user:14 win
INFO 2016-06-11 08:28:09,160 tasks 24489 140513027831616 /root/ball/new_ball/applications/ball/tasks.py 33 check_money user:14 win
INFO 2016-06-11 08:28:09,161 tasks 24490 140513027831616 /root/ball/new_ball/applications/ball/tasks.py 33 check_money user:14 win
INFO 2016-06-11 08:28:09,165 tasks 24489 140513027831616 /root/ball/new_ball/applications/ball/tasks.py 33 check_money user:14 win
INFO 2016-06-11 08:28:09,167 tasks 24490 140513027831616 /root/ball/new_ball/applications/ball/tasks.py 33 check_money user:14 win
INFO 2016-06-11 08:28:09,169 tasks 24489 140513027831616 /root/ball/new_ball/applications/ball/tasks.py 33 check_money user:18 win
INFO 2016-06-11 08:28:09,172 tasks 24490 140513027831616 /root/ball/new_ball/applications/ball/tasks.py 33 check_money user:18 win
INFO 2016-06-11 10:11:48,041 views 20652 139825921881920 /root/ball/new_ball/applications/ball/views.py 193 login login ucenter catch errorTraceback (most recent call last):
  File "/root/ball/new_ball/applications/ball/views.py", line 190, in login
    user = User.update_cds_employee(employee)
  File "/root/ball/new_ball/applications/users/models.py", line 91, in update_cds_employee
    print(employee)
IOError: [Errno 5] Input/output error

INFO 2016-06-11 11:28:07,855 views 20649 139825921881920 /root/ball/new_ball/applications/ball/views.py 193 login login ucenter catch errorTraceback (most recent call last):
  File "/root/ball/new_ball/applications/ball/views.py", line 190, in login
    user = User.update_cds_employee(employee)
  File "/root/ball/new_ball/applications/users/models.py", line 91, in update_cds_employee
    print(employee)
IOError: [Errno 5] Input/output error

INFO 2016-06-11 12:19:21,108 views 20645 139825921881920 /root/ball/new_ball/applications/ball/views.py 193 login login ucenter catch errorTraceback (most recent call last):
  File "/root/ball/new_ball/applications/ball/views.py", line 190, in login
    user = User.update_cds_employee(employee)
  File "/root/ball/new_ball/applications/users/models.py", line 91, in update_cds_employee
    print(employee)
IOError: [Errno 5] Input/output error

INFO 2016-06-11 12:34:47,840 views 20652 139825921881920 /root/ball/new_ball/applications/ball/views.py 193 login login ucenter catch errorTraceback (most recent call last):
  File "/root/ball/new_ball/applications/ball/views.py", line 190, in login
    user = User.update_cds_employee(employee)
  File "/root/ball/new_ball/applications/users/models.py", line 91, in update_cds_employee
    print(employee)
IOError: [Errno 5] Input/output error

INFO 2016-06-11 13:13:09,378 views 20645 139825921881920 /root/ball/new_ball/applications/ball/views.py 193 login login ucenter catch errorTraceback (most recent call last):
  File "/root/ball/new_ball/applications/ball/views.py", line 190, in login
    user = User.update_cds_employee(employee)
  File "/root/ball/new_ball/applications/users/models.py", line 91, in update_cds_employee
    print(employee)
IOError: [Errno 5] Input/output error

INFO 2016-06-11 14:48:30,301 tasks 26060 139953015486272 /root/ball/new_ball/applications/ball/tasks.py 33 check_money user:7 win
INFO 2016-06-11 14:48:30,307 tasks 26060 139953015486272 /root/ball/new_ball/applications/ball/tasks.py 33 check_money user:15 win
INFO 2016-06-11 14:48:30,312 tasks 26060 139953015486272 /root/ball/new_ball/applications/ball/tasks.py 33 check_money user:6 win
INFO 2016-06-11 14:48:30,318 tasks 26060 139953015486272 /root/ball/new_ball/applications/ball/tasks.py 33 check_money user:10 win
INFO 2016-06-11 14:48:30,323 tasks 26060 139953015486272 /root/ball/new_ball/applications/ball/tasks.py 33 check_money user:10 win
INFO 2016-06-11 14:48:30,328 tasks 26060 139953015486272 /root/ball/new_ball/applications/ball/tasks.py 33 check_money user:11 win
INFO 2016-06-11 14:48:30,332 tasks 26060 139953015486272 /root/ball/new_ball/applications/ball/tasks.py 33 check_money user:4 win
INFO 2016-06-11 14:48:30,337 tasks 26060 139953015486272 /root/ball/new_ball/applications/ball/tasks.py 33 check_money user:4 win
INFO 2016-06-11 14:48:30,341 tasks 26060 139953015486272 /root/ball/new_ball/applications/ball/tasks.py 33 check_money user:14 win
INFO 2016-06-11 14:48:30,345 tasks 26060 139953015486272 /root/ball/new_ball/applications/ball/tasks.py 33 check_money user:14 win
INFO 2016-06-11 14:48:30,349 tasks 26060 139953015486272 /root/ball/new_ball/applications/ball/tasks.py 33 check_money user:14 win
INFO 2016-06-11 14:48:30,354 tasks 26060 139953015486272 /root/ball/new_ball/applications/ball/tasks.py 33 check_money user:18 win
INFO 2016-06-11 15:13:42,030 tasks 27281 139916466120512 /root/ball/new_ball/applications/ball/tasks.py 33 check_money user:7 win
INFO 2016-06-11 15:13:42,034 tasks 27281 139916466120512 /root/ball/new_ball/applications/ball/tasks.py 33 check_money user:15 win
INFO 2016-06-11 15:13:42,039 tasks 27281 139916466120512 /root/ball/new_ball/applications/ball/tasks.py 33 check_money user:6 win
INFO 2016-06-11 15:13:42,043 tasks 27281 139916466120512 /root/ball/new_ball/applications/ball/tasks.py 33 check_money user:10 win
INFO 2016-06-11 15:13:42,048 tasks 27281 139916466120512 /root/ball/new_ball/applications/ball/tasks.py 33 check_money user:10 win
INFO 2016-06-11 15:13:42,052 tasks 27281 139916466120512 /root/ball/new_ball/applications/ball/tasks.py 33 check_money user:11 win
INFO 2016-06-11 15:13:42,057 tasks 27281 139916466120512 /root/ball/new_ball/applications/ball/tasks.py 33 check_money user:4 win
INFO 2016-06-11 15:13:42,061 tasks 27281 139916466120512 /root/ball/new_ball/applications/ball/tasks.py 33 check_money user:4 win
INFO 2016-06-11 15:13:42,066 tasks 27281 139916466120512 /root/ball/new_ball/applications/ball/tasks.py 33 check_money user:14 win
INFO 2016-06-11 15:13:42,070 tasks 27281 139916466120512 /root/ball/new_ball/applications/ball/tasks.py 33 check_money user:14 win
INFO 2016-06-11 15:13:42,075 tasks 27281 139916466120512 /root/ball/new_ball/applications/ball/tasks.py 33 check_money user:14 win
INFO 2016-06-11 15:13:42,079 tasks 27281 139916466120512 /root/ball/new_ball/applications/ball/tasks.py 33 check_money user:18 win
INFO 2016-06-11 15:16:42,054 tasks 27281 139916466120512 /root/ball/new_ball/applications/ball/tasks.py 33 check_money user:7 win
INFO 2016-06-11 15:16:42,061 tasks 27281 139916466120512 /root/ball/new_ball/applications/ball/tasks.py 33 check_money user:15 win
INFO 2016-06-11 15:16:42,066 tasks 27281 139916466120512 /root/ball/new_ball/applications/ball/tasks.py 33 check_money user:6 win
INFO 2016-06-11 15:16:42,071 tasks 27281 139916466120512 /root/ball/new_ball/applications/ball/tasks.py 33 check_money user:10 win
INFO 2016-06-11 15:16:42,077 tasks 27281 139916466120512 /root/ball/new_ball/applications/ball/tasks.py 33 check_money user:10 win
INFO 2016-06-11 15:16:42,083 tasks 27281 139916466120512 /root/ball/new_ball/applications/ball/tasks.py 33 check_money user:11 win
INFO 2016-06-11 15:16:42,088 tasks 27281 139916466120512 /root/ball/new_ball/applications/ball/tasks.py 33 check_money user:4 win
INFO 2016-06-11 15:16:42,093 tasks 27281 139916466120512 /root/ball/new_ball/applications/ball/tasks.py 33 check_money user:4 win
INFO 2016-06-11 15:16:42,098 tasks 27281 139916466120512 /root/ball/new_ball/applications/ball/tasks.py 33 check_money user:14 win
INFO 2016-06-11 15:16:42,103 tasks 27281 139916466120512 /root/ball/new_ball/applications/ball/tasks.py 33 check_money user:14 win
INFO 2016-06-11 15:16:42,108 tasks 27281 139916466120512 /root/ball/new_ball/applications/ball/tasks.py 33 check_money user:14 win
INFO 2016-06-11 15:16:42,113 tasks 27281 139916466120512 /root/ball/new_ball/applications/ball/tasks.py 33 check_money user:18 win
>>>>>>> Stashed changes
