WARNING 2016-06-10 10:39:04,540 base 99231 123145310715904 /Users/tao-xu/.virtualenvs/test_vcenter/lib/python2.7/site-packages/django/core/handlers/base.py 145 get_response Not Found: /
WARNING 2016-06-10 10:39:10,341 base 99231 123145319129088 /Users/tao-xu/.virtualenvs/test_vcenter/lib/python2.7/site-packages/django/core/handlers/base.py 145 get_response Not Found: /static/grappelli/jquery/ui/css/custom-theme/jquery-ui-1.10.3.custom.min.css
WARNING 2016-06-10 10:39:10,344 base 99231 123145323335680 /Users/tao-xu/.virtualenvs/test_vcenter/lib/python2.7/site-packages/django/core/handlers/base.py 145 get_response Not Found: /static/grappelli/stylesheets/screen.css
WARNING 2016-06-10 10:39:10,348 base 99231 123145310715904 /Users/tao-xu/.virtualenvs/test_vcenter/lib/python2.7/site-packages/django/core/handlers/base.py 145 get_response Not Found: /static/grappelli/stylesheets/mueller/grid/output.css
WARNING 2016-06-10 10:39:10,350 base 99231 123145314922496 /Users/tao-xu/.virtualenvs/test_vcenter/lib/python2.7/site-packages/django/core/handlers/base.py 145 get_response Not Found: /static/grappelli/jquery/jquery-1.9.1.min.js
WARNING 2016-06-10 10:39:10,356 base 99231 123145327542272 /Users/tao-xu/.virtualenvs/test_vcenter/lib/python2.7/site-packages/django/core/handlers/base.py 145 get_response Not Found: /static/grappelli/jquery/ui/js/jquery-ui-1.10.3.custom.min.js
WARNING 2016-06-10 10:39:10,361 base 99231 123145319129088 /Users/tao-xu/.virtualenvs/test_vcenter/lib/python2.7/site-packages/django/core/handlers/base.py 145 get_response Not Found: /static/grappelli/js/grappelli.min.js
WARNING 2016-06-10 10:39:10,681 base 99231 123145314922496 /Users/tao-xu/.virtualenvs/test_vcenter/lib/python2.7/site-packages/django/core/handlers/base.py 145 get_response Not Found: /static/grappelli/jquery/ui/css/custom-theme/jquery-ui-1.10.3.custom.min.css
WARNING 2016-06-10 10:39:10,684 base 99231 123145319129088 /Users/tao-xu/.virtualenvs/test_vcenter/lib/python2.7/site-packages/django/core/handlers/base.py 145 get_response Not Found: /static/grappelli/stylesheets/screen.css
WARNING 2016-06-10 10:39:10,687 base 99231 123145327542272 /Users/tao-xu/.virtualenvs/test_vcenter/lib/python2.7/site-packages/django/core/handlers/base.py 145 get_response Not Found: /static/grappelli/jquery/jquery-1.9.1.min.js
WARNING 2016-06-10 10:39:10,689 base 99231 123145323335680 /Users/tao-xu/.virtualenvs/test_vcenter/lib/python2.7/site-packages/django/core/handlers/base.py 145 get_response Not Found: /static/grappelli/stylesheets/mueller/grid/output.css
WARNING 2016-06-10 10:39:10,691 base 99231 123145310715904 /Users/tao-xu/.virtualenvs/test_vcenter/lib/python2.7/site-packages/django/core/handlers/base.py 145 get_response Not Found: /static/grappelli/jquery/ui/js/jquery-ui-1.10.3.custom.min.js
WARNING 2016-06-10 10:39:10,695 base 99231 123145314922496 /Users/tao-xu/.virtualenvs/test_vcenter/lib/python2.7/site-packages/django/core/handlers/base.py 145 get_response Not Found: /static/grappelli/js/grappelli.min.js
WARNING 2016-06-10 10:39:15,617 base 99231 123145314922496 /Users/tao-xu/.virtualenvs/test_vcenter/lib/python2.7/site-packages/django/core/handlers/base.py 145 get_response Not Found: /static/grappelli/jquery/ui/css/custom-theme/jquery-ui-1.10.3.custom.min.css
WARNING 2016-06-10 10:39:15,621 base 99231 123145319129088 /Users/tao-xu/.virtualenvs/test_vcenter/lib/python2.7/site-packages/django/core/handlers/base.py 145 get_response Not Found: /static/grappelli/stylesheets/screen.css
WARNING 2016-06-10 10:39:15,624 base 99231 123145323335680 /Users/tao-xu/.virtualenvs/test_vcenter/lib/python2.7/site-packages/django/core/handlers/base.py 145 get_response Not Found: /static/grappelli/stylesheets/mueller/grid/output.css
WARNING 2016-06-10 10:39:15,626 base 99231 123145327542272 /Users/tao-xu/.virtualenvs/test_vcenter/lib/python2.7/site-packages/django/core/handlers/base.py 145 get_response Not Found: /static/grappelli/jquery/jquery-1.9.1.min.js
WARNING 2016-06-10 10:39:15,628 base 99231 123145331748864 /Users/tao-xu/.virtualenvs/test_vcenter/lib/python2.7/site-packages/django/core/handlers/base.py 145 get_response Not Found: /static/grappelli/jquery/ui/js/jquery-ui-1.10.3.custom.min.js
WARNING 2016-06-10 10:39:15,633 base 99231 123145310715904 /Users/tao-xu/.virtualenvs/test_vcenter/lib/python2.7/site-packages/django/core/handlers/base.py 145 get_response Not Found: /static/grappelli/js/grappelli.min.js
WARNING 2016-06-11 00:44:38,762 base 20649 139825921881920 /usr/local/lib/python2.7/dist-packages/django/core/handlers/base.py 145 get_response Not Found: /cgi-bin/common/attr
WARNING 2016-06-11 01:02:40,731 base 20649 139825921881920 /usr/local/lib/python2.7/dist-packages/django/core/handlers/base.py 145 get_response Not Found: /cgi-bin/common/attr
WARNING 2016-06-11 01:35:15,292 base 20652 139825921881920 /usr/local/lib/python2.7/dist-packages/django/core/handlers/base.py 145 get_response Not Found: /cache/global/img/gs.gif
WARNING 2016-06-11 02:15:27,447 base 20645 139825921881920 /usr/local/lib/python2.7/dist-packages/django/core/handlers/base.py 145 get_response Not Found: /cgi-bin/common/attr
WARNING 2016-06-11 03:24:50,250 base 20652 139825921881920 /usr/local/lib/python2.7/dist-packages/django/core/handlers/base.py 145 get_response Not Found: /cgi-bin/common/attr
WARNING 2016-06-11 03:24:55,310 base 20652 139825921881920 /usr/local/lib/python2.7/dist-packages/django/core/handlers/base.py 145 get_response Not Found: /cgi-bin/common/attr
WARNING 2016-06-11 03:24:59,249 base 20645 139825921881920 /usr/local/lib/python2.7/dist-packages/django/core/handlers/base.py 145 get_response Not Found: /cgi-bin/common/attr
WARNING 2016-06-11 03:38:20,747 base 20648 139825921881920 /usr/local/lib/python2.7/dist-packages/django/core/handlers/base.py 145 get_response Not Found: /cache/global/img/gs.gif
WARNING 2016-06-11 03:46:21,452 base 20649 139825921881920 /usr/local/lib/python2.7/dist-packages/django/core/handlers/base.py 145 get_response Not Found: /cgi-bin/common/attr
WARNING 2016-06-11 04:20:37,358 base 20648 139825921881920 /usr/local/lib/python2.7/dist-packages/django/core/handlers/base.py 145 get_response Not Found: /cache/global/img/gs.gif
WARNING 2016-06-11 04:35:42,831 base 20652 139825921881920 /usr/local/lib/python2.7/dist-packages/django/core/handlers/base.py 145 get_response Not Found: /cgi-bin/common/attr
WARNING 2016-06-11 04:35:43,668 base 20652 139825921881920 /usr/local/lib/python2.7/dist-packages/django/core/handlers/base.py 145 get_response Not Found: /cgi-bin/common/attr
WARNING 2016-06-11 05:17:10,516 base 20648 139825921881920 /usr/local/lib/python2.7/dist-packages/django/core/handlers/base.py 145 get_response Not Found: /cgi-bin/common/attr
WARNING 2016-06-11 05:41:45,222 base 20652 139825921881920 /usr/local/lib/python2.7/dist-packages/django/core/handlers/base.py 145 get_response Not Found: /cache/global/img/gs.gif
WARNING 2016-06-11 05:46:51,652 base 20649 139825921881920 /usr/local/lib/python2.7/dist-packages/django/core/handlers/base.py 145 get_response Not Found: /cgi-bin/common/attr
WARNING 2016-06-11 05:46:53,128 base 20648 139825921881920 /usr/local/lib/python2.7/dist-packages/django/core/handlers/base.py 145 get_response Not Found: /cgi-bin/common/attr
WARNING 2016-06-11 05:46:55,033 base 20648 139825921881920 /usr/local/lib/python2.7/dist-packages/django/core/handlers/base.py 145 get_response Not Found: /cgi-bin/common/attr
WARNING 2016-06-11 06:48:14,982 base 20648 139825921881920 /usr/local/lib/python2.7/dist-packages/django/core/handlers/base.py 145 get_response Not Found: /cgi-bin/common/attr
WARNING 2016-06-11 06:57:41,178 base 20649 139825921881920 /usr/local/lib/python2.7/dist-packages/django/core/handlers/base.py 145 get_response Not Found: /cgi-bin/common/attr
WARNING 2016-06-11 06:57:51,927 base 20645 139825921881920 /usr/local/lib/python2.7/dist-packages/django/core/handlers/base.py 145 get_response Not Found: /cgi-bin/common/attr
WARNING 2016-06-11 06:57:53,239 base 20645 139825921881920 /usr/local/lib/python2.7/dist-packages/django/core/handlers/base.py 145 get_response Not Found: /cgi-bin/common/attr
WARNING 2016-06-11 07:38:36,224 base 20649 139825921881920 /usr/local/lib/python2.7/dist-packages/django/core/handlers/base.py 145 get_response Not Found: /cache/global/img/gs.gif
WARNING 2016-06-11 08:00:52,562 base 20648 139825921881920 /usr/local/lib/python2.7/dist-packages/django/core/handlers/base.py 145 get_response Not Found: /cache/global/img/gs.gif
WARNING 2016-06-11 08:09:39,138 base 20648 139825921881920 /usr/local/lib/python2.7/dist-packages/django/core/handlers/base.py 145 get_response Not Found: /cgi-bin/common/attr
WARNING 2016-06-11 08:09:40,451 base 20648 139825921881920 /usr/local/lib/python2.7/dist-packages/django/core/handlers/base.py 145 get_response Not Found: /cgi-bin/common/attr
WARNING 2016-06-11 08:18:57,527 base 20645 139825921881920 /usr/local/lib/python2.7/dist-packages/django/core/handlers/base.py 145 get_response Not Found: /cgi-bin/common/attr
WARNING 2016-06-11 08:20:55,636 base 20649 139825921881920 /usr/local/lib/python2.7/dist-packages/django/core/handlers/base.py 145 get_response Not Found: /cache/global/img/gs.gif
WARNING 2016-06-11 10:11:40,731 base 20652 139825921881920 /usr/local/lib/python2.7/dist-packages/django/core/handlers/base.py 145 get_response Not Found: /cgi-bin/common/attr
WARNING 2016-06-11 11:19:19,120 base 20648 139825921881920 /usr/local/lib/python2.7/dist-packages/django/core/handlers/base.py 145 get_response Not Found: /robots.txt
WARNING 2016-06-11 11:24:11,173 base 20649 139825921881920 /usr/local/lib/python2.7/dist-packages/django/core/handlers/base.py 145 get_response Not Found: /cgi-bin/common/attr
WARNING 2016-06-11 11:24:13,202 base 20649 139825921881920 /usr/local/lib/python2.7/dist-packages/django/core/handlers/base.py 145 get_response Not Found: /cgi-bin/common/attr
WARNING 2016-06-11 11:42:41,887 base 20652 139825921881920 /usr/local/lib/python2.7/dist-packages/django/core/handlers/base.py 145 get_response Not Found: /cache/global/img/gs.gif
WARNING 2016-06-11 12:09:23,080 base 20649 139825921881920 /usr/local/lib/python2.7/dist-packages/django/core/handlers/base.py 145 get_response Not Found: /cache/global/img/gs.gif
WARNING 2016-06-11 12:25:57,918 base 20649 139825921881920 /usr/local/lib/python2.7/dist-packages/django/core/handlers/base.py 145 get_response Not Found: /cache/global/img/gs.gif
WARNING 2016-06-11 12:35:55,970 base 20648 139825921881920 /usr/local/lib/python2.7/dist-packages/django/core/handlers/base.py 145 get_response Not Found: /cgi-bin/common/attr
WARNING 2016-06-11 12:51:46,944 base 20652 139825921881920 /usr/local/lib/python2.7/dist-packages/django/core/handlers/base.py 145 get_response Not Found: /cgi-bin/common/attr
WARNING 2016-06-11 13:47:52,207 base 20649 139825921881920 /usr/local/lib/python2.7/dist-packages/django/core/handlers/base.py 145 get_response Not Found: /cgi-bin/common/attr
WARNING 2016-06-11 14:23:05,312 base 20649 139825921881920 /usr/local/lib/python2.7/dist-packages/django/core/handlers/base.py 145 get_response Not Found: /cgi-bin/common/attr
WARNING 2016-06-11 14:59:37,168 base 20652 139825921881920 /usr/local/lib/python2.7/dist-packages/django/core/handlers/base.py 145 get_response Not Found: /cgi-bin/common/attr
